time="2020-09-16 00:00:00" level=info Agent="Mozilla/5.0 (Linux; Android 6.0; Nexus 5 Build/MRA58N) AppleWebKit/537.36 (KHTML, like Gecko) Chrome/85.0.4183.102 Mobile Safari/537.36" DataSize=344 HostName=DESKTOP-I3JK7DP Ip="::1" Method=GET Path="/api/v1/users?pagesize=2" SpendTime="1 ms" Status=200
time="2020-09-16 00:00:05" level=info Agent="Mozilla/5.0 (Linux; Android 6.0; Nexus 5 Build/MRA58N) AppleWebKit/537.36 (KHTML, like Gecko) Chrome/85.0.4183.102 Mobile Safari/537.36" DataSize=344 HostName=DESKTOP-I3JK7DP Ip="::1" Method=GET Path="/api/v1/users?pagesize=2" SpendTime="3 ms" Status=200
time="2020-09-16 00:00:09" level=info Agent="Mozilla/5.0 (Linux; Android 6.0; Nexus 5 Build/MRA58N) AppleWebKit/537.36 (KHTML, like Gecko) Chrome/85.0.4183.102 Mobile Safari/537.36" DataSize=344 HostName=DESKTOP-I3JK7DP Ip="::1" Method=GET Path="/api/v1/users?pagesize=2" SpendTime="3 ms" Status=200
time="2020-09-16 00:00:10" level=info Agent="Mozilla/5.0 (Linux; Android 6.0; Nexus 5 Build/MRA58N) AppleWebKit/537.36 (KHTML, like Gecko) Chrome/85.0.4183.102 Mobile Safari/537.36" DataSize=344 HostName=DESKTOP-I3JK7DP Ip="::1" Method=GET Path="/api/v1/users?pagesize=2" SpendTime="0 ms" Status=200
time="2020-09-16 00:00:20" level=info Agent="Mozilla/5.0 (Linux; Android 6.0; Nexus 5 Build/MRA58N) AppleWebKit/537.36 (KHTML, like Gecko) Chrome/85.0.4183.102 Mobile Safari/537.36" DataSize=344 HostName=DESKTOP-I3JK7DP Ip="::1" Method=GET Path="/api/v1/users?pagesize=2" SpendTime="4 ms" Status=200
time="2020-09-16 00:00:26" level=info Agent="Mozilla/5.0 (Linux; Android 6.0; Nexus 5 Build/MRA58N) AppleWebKit/537.36 (KHTML, like Gecko) Chrome/85.0.4183.102 Mobile Safari/537.36" DataSize=344 HostName=DESKTOP-I3JK7DP Ip="::1" Method=GET Path="/api/v1/users?pagesize=2" SpendTime="1 ms" Status=200
time="2020-09-16 00:00:30" level=info Agent="Mozilla/5.0 (Linux; Android 6.0; Nexus 5 Build/MRA58N) AppleWebKit/537.36 (KHTML, like Gecko) Chrome/85.0.4183.102 Mobile Safari/537.36" DataSize=344 HostName=DESKTOP-I3JK7DP Ip="::1" Method=GET Path="/api/v1/users?pagesize=2" SpendTime="1 ms" Status=200
time="2020-09-16 00:00:35" level=info Agent="Mozilla/5.0 (Linux; Android 6.0; Nexus 5 Build/MRA58N) AppleWebKit/537.36 (KHTML, like Gecko) Chrome/85.0.4183.102 Mobile Safari/537.36" DataSize=344 HostName=DESKTOP-I3JK7DP Ip="::1" Method=GET Path="/api/v1/users?pagesize=2" SpendTime="4 ms" Status=200
time="2020-09-16 00:00:57" level=info Agent="Mozilla/5.0 (Linux; Android 6.0; Nexus 5 Build/MRA58N) AppleWebKit/537.36 (KHTML, like Gecko) Chrome/85.0.4183.102 Mobile Safari/537.36" DataSize=344 HostName=DESKTOP-I3JK7DP Ip="::1" Method=GET Path="/api/v1/users?pagesize=2" SpendTime="5 ms" Status=200
time="2020-09-16 00:01:04" level=info Agent="Mozilla/5.0 (Linux; Android 6.0; Nexus 5 Build/MRA58N) AppleWebKit/537.36 (KHTML, like Gecko) Chrome/85.0.4183.102 Mobile Safari/537.36" DataSize=344 HostName=DESKTOP-I3JK7DP Ip="::1" Method=GET Path="/api/v1/users?pagesize=2" SpendTime="2 ms" Status=200
time="2020-09-16 00:01:06" level=info Agent="Mozilla/5.0 (Linux; Android 6.0; Nexus 5 Build/MRA58N) AppleWebKit/537.36 (KHTML, like Gecko) Chrome/85.0.4183.102 Mobile Safari/537.36" DataSize=344 HostName=DESKTOP-I3JK7DP Ip="::1" Method=GET Path="/api/v1/users?pagesize=2" SpendTime="0 ms" Status=200
time="2020-09-16 00:01:09" level=info Agent="Mozilla/5.0 (Linux; Android 6.0; Nexus 5 Build/MRA58N) AppleWebKit/537.36 (KHTML, like Gecko) Chrome/85.0.4183.102 Mobile Safari/537.36" DataSize=344 HostName=DESKTOP-I3JK7DP Ip="::1" Method=GET Path="/api/v1/users?pagesize=2" SpendTime="3 ms" Status=200
time="2020-09-16 00:01:22" level=info Agent="Mozilla/5.0 (Linux; Android 6.0; Nexus 5 Build/MRA58N) AppleWebKit/537.36 (KHTML, like Gecko) Chrome/85.0.4183.102 Mobile Safari/537.36" DataSize=344 HostName=DESKTOP-I3JK7DP Ip="::1" Method=GET Path="/api/v1/users?pagesize=2" SpendTime="5 ms" Status=200
time="2020-09-16 00:01:42" level=info Agent="Mozilla/5.0 (Windows NT 10.0; Win64; x64) AppleWebKit/537.36 (KHTML, like Gecko) Chrome/85.0.4183.102 Safari/537.36" DataSize=344 HostName=DESKTOP-I3JK7DP Ip="::1" Method=GET Path="/api/v1/users?pagesize=2" SpendTime="4 ms" Status=200
time="2020-09-16 00:02:34" level=info Agent="Mozilla/5.0 (Windows NT 10.0; Win64; x64) AppleWebKit/537.36 (KHTML, like Gecko) Chrome/85.0.4183.102 Safari/537.36" DataSize=344 HostName=DESKTOP-I3JK7DP Ip="::1" Method=GET Path="/api/v1/users?pagesize=2" SpendTime="3 ms" Status=200
time="2020-09-16 00:02:39" level=info Agent="Mozilla/5.0 (Windows NT 10.0; Win64; x64) AppleWebKit/537.36 (KHTML, like Gecko) Chrome/85.0.4183.102 Safari/537.36" DataSize=344 HostName=DESKTOP-I3JK7DP Ip="::1" Method=GET Path="/api/v1/users?pagesize=2" SpendTime="1 ms" Status=200
time="2020-09-16 00:04:51" level=info Agent="Mozilla/5.0 (Windows NT 10.0; Win64; x64) AppleWebKit/537.36 (KHTML, like Gecko) Chrome/85.0.4183.102 Safari/537.36" DataSize=803 HostName=DESKTOP-I3JK7DP Ip="::1" Method=GET Path="/api/v1/users?pagesize=5" SpendTime="4 ms" Status=200
time="2020-09-16 00:05:12" level=info Agent="Mozilla/5.0 (Windows NT 10.0; Win64; x64) AppleWebKit/537.36 (KHTML, like Gecko) Chrome/85.0.4183.102 Safari/537.36" DataSize=803 HostName=DESKTOP-I3JK7DP Ip="::1" Method=GET Path="/api/v1/users?pagesize=5" SpendTime="2 ms" Status=200
time="2020-09-16 00:05:12" level=info Agent="Mozilla/5.0 (Windows NT 10.0; Win64; x64) AppleWebKit/537.36 (KHTML, like Gecko) Chrome/85.0.4183.102 Safari/537.36" DataSize=803 HostName=DESKTOP-I3JK7DP Ip="::1" Method=GET Path="/api/v1/users?pagesize=5" SpendTime="1 ms" Status=200
time="2020-09-16 00:05:31" level=info Agent="Mozilla/5.0 (Windows NT 10.0; Win64; x64) AppleWebKit/537.36 (KHTML, like Gecko) Chrome/85.0.4183.102 Safari/537.36" DataSize=803 HostName=DESKTOP-I3JK7DP Ip="::1" Method=GET Path="/api/v1/users?pagesize=5" SpendTime="3 ms" Status=200
time="2020-09-16 00:05:36" level=info Agent="Mozilla/5.0 (Windows NT 10.0; Win64; x64) AppleWebKit/537.36 (KHTML, like Gecko) Chrome/85.0.4183.102 Safari/537.36" DataSize=803 HostName=DESKTOP-I3JK7DP Ip="::1" Method=GET Path="/api/v1/users?pagesize=5" SpendTime="2 ms" Status=200
time="2020-09-16 00:05:47" level=info Agent="Mozilla/5.0 (Windows NT 10.0; Win64; x64) AppleWebKit/537.36 (KHTML, like Gecko) Chrome/85.0.4183.102 Safari/537.36" DataSize=344 HostName=DESKTOP-I3JK7DP Ip="::1" Method=GET Path="/api/v1/users?pagesize=2" SpendTime="3 ms" Status=200
time="2020-09-16 00:06:24" level=info Agent="Mozilla/5.0 (Windows NT 10.0; Win64; x64) AppleWebKit/537.36 (KHTML, like Gecko) Chrome/85.0.4183.102 Safari/537.36" DataSize=803 HostName=DESKTOP-I3JK7DP Ip="::1" Method=GET Path="/api/v1/users?pagesize=5" SpendTime="20 ms" Status=200
time="2020-09-16 00:07:09" level=info Agent="Mozilla/5.0 (Windows NT 10.0; Win64; x64) AppleWebKit/537.36 (KHTML, like Gecko) Chrome/85.0.4183.102 Safari/537.36" DataSize=803 HostName=DESKTOP-I3JK7DP Ip="::1" Method=GET Path="/api/v1/users?pagesize=5" SpendTime="4 ms" Status=200
time="2020-09-16 00:07:19" level=info Agent="Mozilla/5.0 (Windows NT 10.0; Win64; x64) AppleWebKit/537.36 (KHTML, like Gecko) Chrome/85.0.4183.102 Safari/537.36" DataSize=803 HostName=DESKTOP-I3JK7DP Ip="::1" Method=GET Path="/api/v1/users?pagesize=5" SpendTime="2 ms" Status=200
time="2020-09-16 00:07:56" level=info Agent="Mozilla/5.0 (Windows NT 10.0; Win64; x64) AppleWebKit/537.36 (KHTML, like Gecko) Chrome/85.0.4183.102 Safari/537.36" DataSize=803 HostName=DESKTOP-I3JK7DP Ip="::1" Method=GET Path="/api/v1/users?pagesize=5" SpendTime="4 ms" Status=200
time="2020-09-16 00:08:19" level=info Agent="Mozilla/5.0 (Windows NT 10.0; Win64; x64) AppleWebKit/537.36 (KHTML, like Gecko) Chrome/85.0.4183.102 Safari/537.36" DataSize=803 HostName=DESKTOP-I3JK7DP Ip="::1" Method=GET Path="/api/v1/users?pagesize=5" SpendTime="3 ms" Status=200
time="2020-09-16 00:08:24" level=info Agent="Mozilla/5.0 (Windows NT 10.0; Win64; x64) AppleWebKit/537.36 (KHTML, like Gecko) Chrome/85.0.4183.102 Safari/537.36" DataSize=803 HostName=DESKTOP-I3JK7DP Ip="::1" Method=GET Path="/api/v1/users?pagesize=5" SpendTime="1 ms" Status=200
time="2020-09-16 00:09:40" level=info Agent="Mozilla/5.0 (Windows NT 10.0; Win64; x64) AppleWebKit/537.36 (KHTML, like Gecko) Chrome/85.0.4183.102 Safari/537.36" DataSize=803 HostName=DESKTOP-I3JK7DP Ip="::1" Method=GET Path="/api/v1/users?pagesize=5" SpendTime="4 ms" Status=200
time="2020-09-16 00:09:51" level=info Agent="Mozilla/5.0 (Windows NT 10.0; Win64; x64) AppleWebKit/537.36 (KHTML, like Gecko) Chrome/85.0.4183.102 Safari/537.36" DataSize=803 HostName=DESKTOP-I3JK7DP Ip="::1" Method=GET Path="/api/v1/users?pagesize=5" SpendTime="4 ms" Status=200
time="2020-09-16 00:10:20" level=info Agent="Mozilla/5.0 (Windows NT 10.0; Win64; x64) AppleWebKit/537.36 (KHTML, like Gecko) Chrome/85.0.4183.102 Safari/537.36" DataSize=803 HostName=DESKTOP-I3JK7DP Ip="::1" Method=GET Path="/api/v1/users?pagesize=5" SpendTime="4 ms" Status=200
time="2020-09-16 00:11:05" level=info Agent="Mozilla/5.0 (Windows NT 10.0; Win64; x64) AppleWebKit/537.36 (KHTML, like Gecko) Chrome/85.0.4183.102 Safari/537.36" DataSize=803 HostName=DESKTOP-I3JK7DP Ip="::1" Method=GET Path="/api/v1/users?pagesize=5" SpendTime="3 ms" Status=200
time="2020-09-16 00:11:20" level=info Agent="Mozilla/5.0 (Windows NT 10.0; Win64; x64) AppleWebKit/537.36 (KHTML, like Gecko) Chrome/85.0.4183.102 Safari/537.36" DataSize=803 HostName=DESKTOP-I3JK7DP Ip="::1" Method=GET Path="/api/v1/users?pagesize=5" SpendTime="4 ms" Status=200
time="2020-09-16 00:12:51" level=info Agent="Mozilla/5.0 (Windows NT 10.0; Win64; x64) AppleWebKit/537.36 (KHTML, like Gecko) Chrome/85.0.4183.102 Safari/537.36" DataSize=803 HostName=DESKTOP-I3JK7DP Ip="::1" Method=GET Path="/api/v1/users?pagesize=5" SpendTime="2 ms" Status=200
time="2020-09-16 00:13:11" level=info Agent="Mozilla/5.0 (Windows NT 10.0; Win64; x64) AppleWebKit/537.36 (KHTML, like Gecko) Chrome/85.0.4183.102 Safari/537.36" DataSize=803 HostName=DESKTOP-I3JK7DP Ip="::1" Method=GET Path="/api/v1/users?pagesize=5" SpendTime="4 ms" Status=200
time="2020-09-16 00:13:13" level=info Agent="Mozilla/5.0 (Windows NT 10.0; Win64; x64) AppleWebKit/537.36 (KHTML, like Gecko) Chrome/85.0.4183.102 Safari/537.36" DataSize=803 HostName=DESKTOP-I3JK7DP Ip="::1" Method=GET Path="/api/v1/users?pagesize=5" SpendTime="2 ms" Status=200
time="2020-09-16 00:13:14" level=info Agent="Mozilla/5.0 (Windows NT 10.0; Win64; x64) AppleWebKit/537.36 (KHTML, like Gecko) Chrome/85.0.4183.102 Safari/537.36" DataSize=803 HostName=DESKTOP-I3JK7DP Ip="::1" Method=GET Path="/api/v1/users?pagesize=5" SpendTime="2 ms" Status=200
time="2020-09-16 00:17:30" level=info Agent="Mozilla/5.0 (Windows NT 10.0; Win64; x64) AppleWebKit/537.36 (KHTML, like Gecko) Chrome/85.0.4183.102 Safari/537.36" DataSize=803 HostName=DESKTOP-I3JK7DP Ip="::1" Method=GET Path="/api/v1/users?pagesize=5" SpendTime="3 ms" Status=200
time="2020-09-16 00:19:23" level=info Agent="Mozilla/5.0 (Windows NT 10.0; Win64; x64) AppleWebKit/537.36 (KHTML, like Gecko) Chrome/85.0.4183.102 Safari/537.36" DataSize=803 HostName=DESKTOP-I3JK7DP Ip="::1" Method=GET Path="/api/v1/users?pagesize=5" SpendTime="3 ms" Status=200
time="2020-09-16 00:19:28" level=info Agent="Mozilla/5.0 (Windows NT 10.0; Win64; x64) AppleWebKit/537.36 (KHTML, like Gecko) Chrome/85.0.4183.102 Safari/537.36" DataSize=803 HostName=DESKTOP-I3JK7DP Ip="::1" Method=GET Path="/api/v1/users?pagesize=5" SpendTime="1 ms" Status=200
time="2020-09-16 00:19:38" level=info Agent="Mozilla/5.0 (Windows NT 10.0; Win64; x64) AppleWebKit/537.36 (KHTML, like Gecko) Chrome/85.0.4183.102 Safari/537.36" DataSize=803 HostName=DESKTOP-I3JK7DP Ip="::1" Method=GET Path="/api/v1/users?pagesize=5" SpendTime="3 ms" Status=200
time="2020-09-16 00:19:55" level=info Agent="Mozilla/5.0 (Windows NT 10.0; Win64; x64) AppleWebKit/537.36 (KHTML, like Gecko) Chrome/85.0.4183.102 Safari/537.36" DataSize=803 HostName=DESKTOP-I3JK7DP Ip="::1" Method=GET Path="/api/v1/users?pagesize=5" SpendTime="4 ms" Status=200
time="2020-09-16 00:19:57" level=info Agent="Mozilla/5.0 (Windows NT 10.0; Win64; x64) AppleWebKit/537.36 (KHTML, like Gecko) Chrome/85.0.4183.102 Safari/537.36" DataSize=803 HostName=DESKTOP-I3JK7DP Ip="::1" Method=GET Path="/api/v1/users?pagesize=5" SpendTime="2 ms" Status=200
time="2020-09-16 00:20:32" level=info Agent="Mozilla/5.0 (Windows NT 10.0; Win64; x64) AppleWebKit/537.36 (KHTML, like Gecko) Chrome/85.0.4183.102 Safari/537.36" DataSize=803 HostName=DESKTOP-I3JK7DP Ip="::1" Method=GET Path="/api/v1/users?pagesize=5" SpendTime="5 ms" Status=200
time="2020-09-16 00:20:35" level=info Agent="Mozilla/5.0 (Windows NT 10.0; Win64; x64) AppleWebKit/537.36 (KHTML, like Gecko) Chrome/85.0.4183.102 Safari/537.36" DataSize=803 HostName=DESKTOP-I3JK7DP Ip="::1" Method=GET Path="/api/v1/users?pagesize=5" SpendTime="2 ms" Status=200
time="2020-09-16 00:20:37" level=info Agent="Mozilla/5.0 (Windows NT 10.0; Win64; x64) AppleWebKit/537.36 (KHTML, like Gecko) Chrome/85.0.4183.102 Safari/537.36" DataSize=803 HostName=DESKTOP-I3JK7DP Ip="::1" Method=GET Path="/api/v1/users?pagesize=5" SpendTime="2 ms" Status=200
time="2020-09-16 00:21:29" level=info Agent="Mozilla/5.0 (Windows NT 10.0; Win64; x64) AppleWebKit/537.36 (KHTML, like Gecko) Chrome/85.0.4183.102 Safari/537.36" DataSize=1931 HostName=DESKTOP-I3JK7DP Ip="::1" Method=GET Path="/api/v1/users?pagesize=20" SpendTime="4 ms" Status=200
time="2020-09-16 00:27:48" level=info Agent="Mozilla/5.0 (Windows NT 10.0; Win64; x64) AppleWebKit/537.36 (KHTML, like Gecko) Chrome/85.0.4183.102 Safari/537.36" DataSize=192 HostName=DESKTOP-I3JK7DP Ip="::1" Method=POST Path=/api/v1/login SpendTime="65 ms" Status=200
time="2020-09-16 00:27:51" level=info Agent="Mozilla/5.0 (Windows NT 10.0; Win64; x64) AppleWebKit/537.36 (KHTML, like Gecko) Chrome/85.0.4183.102 Safari/537.36" DataSize=803 HostName=DESKTOP-I3JK7DP Ip="::1" Method=GET Path="/api/v1/users?pagesize=5" SpendTime="2 ms" Status=200
time="2020-09-16 00:27:54" level=info Agent="Mozilla/5.0 (Windows NT 10.0; Win64; x64) AppleWebKit/537.36 (KHTML, like Gecko) Chrome/85.0.4183.102 Safari/537.36" DataSize=1931 HostName=DESKTOP-I3JK7DP Ip="::1" Method=GET Path="/api/v1/users?pagesize=20" SpendTime="0 ms" Status=200
time="2020-09-16 00:27:57" level=info Agent="Mozilla/5.0 (Windows NT 10.0; Win64; x64) AppleWebKit/537.36 (KHTML, like Gecko) Chrome/85.0.4183.102 Safari/537.36" DataSize=803 HostName=DESKTOP-I3JK7DP Ip="::1" Method=GET Path="/api/v1/users?pagesize=5" SpendTime="1 ms" Status=200
time="2020-09-16 00:29:01" level=info Agent="Mozilla/5.0 (Windows NT 10.0; Win64; x64) AppleWebKit/537.36 (KHTML, like Gecko) Chrome/85.0.4183.102 Safari/537.36" DataSize=803 HostName=DESKTOP-I3JK7DP Ip="::1" Method=GET Path="/api/v1/users?pagesize=5" SpendTime="4 ms" Status=200
time="2020-09-16 21:45:29" level=info Agent="Mozilla/5.0 (Windows NT 10.0; Win64; x64) AppleWebKit/537.36 (KHTML, like Gecko) Chrome/85.0.4183.102 Safari/537.36" DataSize=192 HostName=DESKTOP-I3JK7DP Ip="::1" Method=POST Path=/api/v1/login SpendTime="84 ms" Status=200
time="2020-09-16 21:45:31" level=info Agent="Mozilla/5.0 (Windows NT 10.0; Win64; x64) AppleWebKit/537.36 (KHTML, like Gecko) Chrome/85.0.4183.102 Safari/537.36" DataSize=1931 HostName=DESKTOP-I3JK7DP Ip="::1" Method=GET Path="/api/v1/users?pagenum=1" SpendTime="1 ms" Status=200
time="2020-09-16 21:45:35" level=info Agent="Mozilla/5.0 (Windows NT 10.0; Win64; x64) AppleWebKit/537.36 (KHTML, like Gecko) Chrome/85.0.4183.102 Safari/537.36" DataSize=1931 HostName=DESKTOP-I3JK7DP Ip="::1" Method=GET Path="/api/v1/users?pagenum=1" SpendTime="2 ms" Status=200
time="2020-09-16 21:45:36" level=info Agent="Mozilla/5.0 (Windows NT 10.0; Win64; x64) AppleWebKit/537.36 (KHTML, like Gecko) Chrome/85.0.4183.102 Safari/537.36" DataSize=1931 HostName=DESKTOP-I3JK7DP Ip="::1" Method=GET Path="/api/v1/users?pagenum=1" SpendTime="2 ms" Status=200
time="2020-09-16 21:45:38" level=info Agent="Mozilla/5.0 (Windows NT 10.0; Win64; x64) AppleWebKit/537.36 (KHTML, like Gecko) Chrome/85.0.4183.102 Safari/537.36" DataSize=1931 HostName=DESKTOP-I3JK7DP Ip="::1" Method=GET Path="/api/v1/users?pagenum=1" SpendTime="3 ms" Status=200
time="2020-09-16 21:48:15" level=info Agent="Mozilla/5.0 (Windows NT 10.0; Win64; x64) AppleWebKit/537.36 (KHTML, like Gecko) Chrome/85.0.4183.102 Safari/537.36" DataSize=1931 HostName=DESKTOP-I3JK7DP Ip="::1" Method=GET Path="/api/v1/users?pagenum=1" SpendTime="6 ms" Status=200
time="2020-09-16 21:48:24" level=info Agent="Mozilla/5.0 (Windows NT 10.0; Win64; x64) AppleWebKit/537.36 (KHTML, like Gecko) Chrome/85.0.4183.102 Safari/537.36" DataSize=1931 HostName=DESKTOP-I3JK7DP Ip="::1" Method=GET Path="/api/v1/users?pagenum=1" SpendTime="3 ms" Status=200
time="2020-09-16 21:48:28" level=info Agent="Mozilla/5.0 (Windows NT 10.0; Win64; x64) AppleWebKit/537.36 (KHTML, like Gecko) Chrome/85.0.4183.102 Safari/537.36" DataSize=1931 HostName=DESKTOP-I3JK7DP Ip="::1" Method=GET Path="/api/v1/users?pagenum=1" SpendTime="5 ms" Status=200
time="2020-09-16 21:48:30" level=info Agent="Mozilla/5.0 (Windows NT 10.0; Win64; x64) AppleWebKit/537.36 (KHTML, like Gecko) Chrome/85.0.4183.102 Safari/537.36" DataSize=1931 HostName=DESKTOP-I3JK7DP Ip="::1" Method=GET Path="/api/v1/users?pagenum=1" SpendTime="2 ms" Status=200
time="2020-09-16 21:48:32" level=info Agent="Mozilla/5.0 (Windows NT 10.0; Win64; x64) AppleWebKit/537.36 (KHTML, like Gecko) Chrome/85.0.4183.102 Safari/537.36" DataSize=1931 HostName=DESKTOP-I3JK7DP Ip="::1" Method=GET Path="/api/v1/users?pagenum=1" SpendTime="2 ms" Status=200
time="2020-09-16 21:50:09" level=info Agent="Mozilla/5.0 (Windows NT 10.0; Win64; x64) AppleWebKit/537.36 (KHTML, like Gecko) Chrome/85.0.4183.102 Safari/537.36" DataSize=1931 HostName=DESKTOP-I3JK7DP Ip="::1" Method=GET Path="/api/v1/users?pagenum=1" SpendTime="4 ms" Status=200
time="2020-09-16 21:50:15" level=info Agent="Mozilla/5.0 (Windows NT 10.0; Win64; x64) AppleWebKit/537.36 (KHTML, like Gecko) Chrome/85.0.4183.102 Safari/537.36" DataSize=1931 HostName=DESKTOP-I3JK7DP Ip="::1" Method=GET Path="/api/v1/users?pagenum=1" SpendTime="2 ms" Status=200
time="2020-09-16 21:51:44" level=info Agent="Mozilla/5.0 (Windows NT 10.0; Win64; x64) AppleWebKit/537.36 (KHTML, like Gecko) Chrome/85.0.4183.102 Safari/537.36" DataSize=803 HostName=DESKTOP-I3JK7DP Ip="::1" Method=GET Path="/api/v1/users?pagesize=5&pagenum=1" SpendTime="3 ms" Status=200
time="2020-09-16 21:51:49" level=info Agent="Mozilla/5.0 (Windows NT 10.0; Win64; x64) AppleWebKit/537.36 (KHTML, like Gecko) Chrome/85.0.4183.102 Safari/537.36" DataSize=803 HostName=DESKTOP-I3JK7DP Ip="::1" Method=GET Path="/api/v1/users?pagesize=5&pagenum=1" SpendTime="1 ms" Status=200
time="2020-09-16 21:55:13" level=info Agent="Mozilla/5.0 (Windows NT 10.0; Win64; x64) AppleWebKit/537.36 (KHTML, like Gecko) Chrome/85.0.4183.102 Safari/537.36" DataSize=803 HostName=DESKTOP-I3JK7DP Ip="::1" Method=GET Path="/api/v1/users?pagesize=5&pagenum=1" SpendTime="3 ms" Status=200
time="2020-09-16 21:56:52" level=info Agent="Mozilla/5.0 (Windows NT 10.0; Win64; x64) AppleWebKit/537.36 (KHTML, like Gecko) Chrome/85.0.4183.102 Safari/537.36" DataSize=803 HostName=DESKTOP-I3JK7DP Ip="::1" Method=GET Path="/api/v1/users?pagesize=5&pagenum=1" SpendTime="5 ms" Status=200
time="2020-09-16 21:56:58" level=info Agent="Mozilla/5.0 (Windows NT 10.0; Win64; x64) AppleWebKit/537.36 (KHTML, like Gecko) Chrome/85.0.4183.102 Safari/537.36" DataSize=803 HostName=DESKTOP-I3JK7DP Ip="::1" Method=GET Path="/api/v1/users?pagesize=5&pagenum=1" SpendTime="2 ms" Status=200
time="2020-09-16 22:00:51" level=info Agent="Mozilla/5.0 (Windows NT 10.0; Win64; x64) AppleWebKit/537.36 (KHTML, like Gecko) Chrome/85.0.4183.102 Safari/537.36" DataSize=192 HostName=DESKTOP-I3JK7DP Ip="::1" Method=POST Path=/api/v1/login SpendTime="65 ms" Status=200
time="2020-09-16 22:00:53" level=info Agent="Mozilla/5.0 (Windows NT 10.0; Win64; x64) AppleWebKit/537.36 (KHTML, like Gecko) Chrome/85.0.4183.102 Safari/537.36" DataSize=803 HostName=DESKTOP-I3JK7DP Ip="::1" Method=GET Path="/api/v1/users?pagesize=5&pagenum=1" SpendTime="0 ms" Status=200
time="2020-09-16 22:05:07" level=info Agent="Mozilla/5.0 (Windows NT 10.0; Win64; x64) AppleWebKit/537.36 (KHTML, like Gecko) Chrome/85.0.4183.102 Safari/537.36" DataSize=803 HostName=DESKTOP-I3JK7DP Ip="::1" Method=GET Path="/api/v1/users?pagesize=5&pagenum=1" SpendTime="3 ms" Status=200
time="2020-09-16 22:06:17" level=info Agent="Mozilla/5.0 (Windows NT 10.0; Win64; x64) AppleWebKit/537.36 (KHTML, like Gecko) Chrome/85.0.4183.102 Safari/537.36" DataSize=803 HostName=DESKTOP-I3JK7DP Ip="::1" Method=GET Path="/api/v1/users?pagesize=5&pagenum=1" SpendTime="3 ms" Status=200
time="2020-09-16 22:08:16" level=info Agent="Mozilla/5.0 (Windows NT 10.0; Win64; x64) AppleWebKit/537.36 (KHTML, like Gecko) Chrome/85.0.4183.102 Safari/537.36" DataSize=51 HostName=DESKTOP-I3JK7DP Ip="::1" Method=GET Path="/api/v1/users?pagesize=5&pagenum=2" SpendTime="4 ms" Status=200
time="2020-09-16 22:08:21" level=info Agent="Mozilla/5.0 (Windows NT 10.0; Win64; x64) AppleWebKit/537.36 (KHTML, like Gecko) Chrome/85.0.4183.102 Safari/537.36" DataSize=803 HostName=DESKTOP-I3JK7DP Ip="::1" Method=GET Path="/api/v1/users?pagesize=5&pagenum=1" SpendTime="1 ms" Status=200
time="2020-09-16 22:08:24" level=info Agent="Mozilla/5.0 (Windows NT 10.0; Win64; x64) AppleWebKit/537.36 (KHTML, like Gecko) Chrome/85.0.4183.102 Safari/537.36" DataSize=1600 HostName=DESKTOP-I3JK7DP Ip="::1" Method=GET Path="/api/v1/users?pagesize=10&pagenum=1" SpendTime="2 ms" Status=200
time="2020-09-16 22:08:26" level=info Agent="Mozilla/5.0 (Windows NT 10.0; Win64; x64) AppleWebKit/537.36 (KHTML, like Gecko) Chrome/85.0.4183.102 Safari/537.36" DataSize=51 HostName=DESKTOP-I3JK7DP Ip="::1" Method=GET Path="/api/v1/users?pagesize=10&pagenum=2" SpendTime="0 ms" Status=200
time="2020-09-16 22:08:52" level=info Agent="Mozilla/5.0 (Windows NT 10.0; Win64; x64) AppleWebKit/537.36 (KHTML, like Gecko) Chrome/85.0.4183.102 Safari/537.36" DataSize=803 HostName=DESKTOP-I3JK7DP Ip="::1" Method=GET Path="/api/v1/users?pagesize=5&pagenum=1" SpendTime="4 ms" Status=200
time="2020-09-16 22:08:55" level=info Agent="Mozilla/5.0 (Windows NT 10.0; Win64; x64) AppleWebKit/537.36 (KHTML, like Gecko) Chrome/85.0.4183.102 Safari/537.36" DataSize=51 HostName=DESKTOP-I3JK7DP Ip="::1" Method=GET Path="/api/v1/users?pagesize=5&pagenum=2" SpendTime="1 ms" Status=200
time="2020-09-16 22:08:59" level=info Agent="Mozilla/5.0 (Windows NT 10.0; Win64; x64) AppleWebKit/537.36 (KHTML, like Gecko) Chrome/85.0.4183.102 Safari/537.36" DataSize=803 HostName=DESKTOP-I3JK7DP Ip="::1" Method=GET Path="/api/v1/users?pagesize=5&pagenum=1" SpendTime="2 ms" Status=200
time="2020-09-16 22:09:02" level=info Agent="Mozilla/5.0 (Windows NT 10.0; Win64; x64) AppleWebKit/537.36 (KHTML, like Gecko) Chrome/85.0.4183.102 Safari/537.36" DataSize=1931 HostName=DESKTOP-I3JK7DP Ip="::1" Method=GET Path="/api/v1/users?pagesize=20&pagenum=1" SpendTime="2 ms" Status=200
time="2020-09-16 22:09:08" level=info Agent="Mozilla/5.0 (Windows NT 10.0; Win64; x64) AppleWebKit/537.36 (KHTML, like Gecko) Chrome/85.0.4183.102 Safari/537.36" DataSize=1600 HostName=DESKTOP-I3JK7DP Ip="::1" Method=GET Path="/api/v1/users?pagesize=10&pagenum=1" SpendTime="3 ms" Status=200
time="2020-09-16 22:09:10" level=info Agent="Mozilla/5.0 (Windows NT 10.0; Win64; x64) AppleWebKit/537.36 (KHTML, like Gecko) Chrome/85.0.4183.102 Safari/537.36" DataSize=803 HostName=DESKTOP-I3JK7DP Ip="::1" Method=GET Path="/api/v1/users?pagesize=5&pagenum=1" SpendTime="2 ms" Status=200
time="2020-09-16 22:09:12" level=info Agent="Mozilla/5.0 (Windows NT 10.0; Win64; x64) AppleWebKit/537.36 (KHTML, like Gecko) Chrome/85.0.4183.102 Safari/537.36" DataSize=51 HostName=DESKTOP-I3JK7DP Ip="::1" Method=GET Path="/api/v1/users?pagesize=5&pagenum=3" SpendTime="1 ms" Status=200
time="2020-09-16 22:12:34" level=info Agent="Mozilla/5.0 (Windows NT 10.0; Win64; x64) AppleWebKit/537.36 (KHTML, like Gecko) Chrome/85.0.4183.102 Safari/537.36" DataSize=803 HostName=DESKTOP-I3JK7DP Ip="::1" Method=GET Path="/api/v1/users?pagesize=5&pagenum=1" SpendTime="4 ms" Status=200
time="2020-09-16 22:12:36" level=info Agent="Mozilla/5.0 (Windows NT 10.0; Win64; x64) AppleWebKit/537.36 (KHTML, like Gecko) Chrome/85.0.4183.102 Safari/537.36" DataSize=51 HostName=DESKTOP-I3JK7DP Ip="::1" Method=GET Path="/api/v1/users?pagesize=5&pagenum=2" SpendTime="3 ms" Status=200
time="2020-09-16 22:12:39" level=info Agent="Mozilla/5.0 (Windows NT 10.0; Win64; x64) AppleWebKit/537.36 (KHTML, like Gecko) Chrome/85.0.4183.102 Safari/537.36" DataSize=803 HostName=DESKTOP-I3JK7DP Ip="::1" Method=GET Path="/api/v1/users?pagesize=5&pagenum=1" SpendTime="1 ms" Status=200
time="2020-09-16 22:12:41" level=info Agent="Mozilla/5.0 (Windows NT 10.0; Win64; x64) AppleWebKit/537.36 (KHTML, like Gecko) Chrome/85.0.4183.102 Safari/537.36" DataSize=51 HostName=DESKTOP-I3JK7DP Ip="::1" Method=GET Path="/api/v1/users?pagesize=5&pagenum=2" SpendTime="1 ms" Status=200
time="2020-09-16 22:12:44" level=info Agent="Mozilla/5.0 (Windows NT 10.0; Win64; x64) AppleWebKit/537.36 (KHTML, like Gecko) Chrome/85.0.4183.102 Safari/537.36" DataSize=803 HostName=DESKTOP-I3JK7DP Ip="::1" Method=GET Path="/api/v1/users?pagesize=5&pagenum=1" SpendTime="2 ms" Status=200
time="2020-09-16 22:12:46" level=info Agent="Mozilla/5.0 (Windows NT 10.0; Win64; x64) AppleWebKit/537.36 (KHTML, like Gecko) Chrome/85.0.4183.102 Safari/537.36" DataSize=51 HostName=DESKTOP-I3JK7DP Ip="::1" Method=GET Path="/api/v1/users?pagesize=5&pagenum=2" SpendTime="5 ms" Status=200
time="2020-09-16 22:14:36" level=info Agent="Mozilla/5.0 (Windows NT 10.0; Win64; x64) AppleWebKit/537.36 (KHTML, like Gecko) Chrome/85.0.4183.102 Safari/537.36" DataSize=803 HostName=DESKTOP-I3JK7DP Ip="::1" Method=GET Path="/api/v1/users?pagesize=5&pagenum=1" SpendTime="4 ms" Status=200
time="2020-09-16 22:14:42" level=info Agent="Mozilla/5.0 (Windows NT 10.0; Win64; x64) AppleWebKit/537.36 (KHTML, like Gecko) Chrome/85.0.4183.102 Safari/537.36" DataSize=51 HostName=DESKTOP-I3JK7DP Ip="::1" Method=GET Path="/api/v1/users?pagesize=5&pagenum=2" SpendTime="3 ms" Status=200
time="2020-09-16 22:14:47" level=info Agent="Mozilla/5.0 (Windows NT 10.0; Win64; x64) AppleWebKit/537.36 (KHTML, like Gecko) Chrome/85.0.4183.102 Safari/537.36" DataSize=803 HostName=DESKTOP-I3JK7DP Ip="::1" Method=GET Path="/api/v1/users?pagesize=5&pagenum=1" SpendTime="4 ms" Status=200
time="2020-09-16 22:14:50" level=info Agent="Mozilla/5.0 (Windows NT 10.0; Win64; x64) AppleWebKit/537.36 (KHTML, like Gecko) Chrome/85.0.4183.102 Safari/537.36" DataSize=51 HostName=DESKTOP-I3JK7DP Ip="::1" Method=GET Path="/api/v1/users?pagesize=5&pagenum=2" SpendTime="3 ms" Status=200
time="2020-09-16 22:17:49" level=info Agent="Mozilla/5.0 (Windows NT 10.0; Win64; x64) AppleWebKit/537.36 (KHTML, like Gecko) Chrome/85.0.4183.102 Safari/537.36" DataSize=803 HostName=DESKTOP-I3JK7DP Ip="::1" Method=GET Path="/api/v1/users?pagesize=5&pagenum=1" SpendTime="3 ms" Status=200
time="2020-09-16 22:17:57" level=info Agent="Mozilla/5.0 (Windows NT 10.0; Win64; x64) AppleWebKit/537.36 (KHTML, like Gecko) Chrome/85.0.4183.102 Safari/537.36" DataSize=51 HostName=DESKTOP-I3JK7DP Ip="::1" Method=GET Path="/api/v1/users?pagesize=5&pagenum=2" SpendTime="3 ms" Status=200
time="2020-09-16 22:18:04" level=info Agent="Mozilla/5.0 (Windows NT 10.0; Win64; x64) AppleWebKit/537.36 (KHTML, like Gecko) Chrome/85.0.4183.102 Safari/537.36" DataSize=803 HostName=DESKTOP-I3JK7DP Ip="::1" Method=GET Path="/api/v1/users?pagesize=5&pagenum=1" SpendTime="3 ms" Status=200
time="2020-09-16 22:18:09" level=info Agent="Mozilla/5.0 (Windows NT 10.0; Win64; x64) AppleWebKit/537.36 (KHTML, like Gecko) Chrome/85.0.4183.102 Safari/537.36" DataSize=51 HostName=DESKTOP-I3JK7DP Ip="::1" Method=GET Path="/api/v1/users?pagesize=5&pagenum=2" SpendTime="3 ms" Status=200
time="2020-09-16 22:20:32" level=info Agent="ApiPOST Runtime +https://www.apipost.cn" DataSize=650 HostName=DESKTOP-I3JK7DP Ip="::1" Method=GET Path="/api/v1/users?pagesize=4&pagenum=1" SpendTime="5 ms" Status=200
time="2020-09-16 22:20:46" level=info Agent="ApiPOST Runtime +https://www.apipost.cn" DataSize=650 HostName=DESKTOP-I3JK7DP Ip="::1" Method=GET Path="/api/v1/users?pagesize=4&pagenum=1" SpendTime="3 ms" Status=200
time="2020-09-16 22:22:37" level=info Agent="Mozilla/5.0 (Windows NT 10.0; Win64; x64) AppleWebKit/537.36 (KHTML, like Gecko) Chrome/85.0.4183.102 Safari/537.36" DataSize=803 HostName=DESKTOP-I3JK7DP Ip="::1" Method=GET Path="/api/v1/users?pagesize=5&pagenum=1" SpendTime="5 ms" Status=200
time="2020-09-16 22:22:43" level=info Agent="Mozilla/5.0 (Windows NT 10.0; Win64; x64) AppleWebKit/537.36 (KHTML, like Gecko) Chrome/85.0.4183.102 Safari/537.36" DataSize=51 HostName=DESKTOP-I3JK7DP Ip="::1" Method=GET Path="/api/v1/users?pagesize=5&pagenum=2" SpendTime="1 ms" Status=200
time="2020-09-16 22:22:55" level=info Agent="ApiPOST Runtime +https://www.apipost.cn" DataSize=650 HostName=DESKTOP-I3JK7DP Ip="::1" Method=GET Path="/api/v1/users?pagesize=4&pagenum=0" SpendTime="2 ms" Status=200
time="2020-09-16 22:23:03" level=info Agent="ApiPOST Runtime +https://www.apipost.cn" DataSize=650 HostName=DESKTOP-I3JK7DP Ip="::1" Method=GET Path="/api/v1/users?pagesize=4&pagenum=0" SpendTime="3 ms" Status=200
time="2020-09-16 22:23:08" level=info Agent="ApiPOST Runtime +https://www.apipost.cn" DataSize=650 HostName=DESKTOP-I3JK7DP Ip="::1" Method=GET Path="/api/v1/users?pagesize=4&pagenum=0" SpendTime="4 ms" Status=200
time="2020-09-16 22:23:16" level=info Agent="ApiPOST Runtime +https://www.apipost.cn" DataSize=51 HostName=DESKTOP-I3JK7DP Ip="::1" Method=GET Path="/api/v1/users?pagesize=4&pagenum=1000" SpendTime="1 ms" Status=200
time="2020-09-16 22:23:29" level=info Agent="ApiPOST Runtime +https://www.apipost.cn" DataSize=650 HostName=DESKTOP-I3JK7DP Ip="::1" Method=GET Path="/api/v1/users?pagesize=4&pagenum=0" SpendTime="1 ms" Status=200
time="2020-09-16 22:23:34" level=info Agent="ApiPOST Runtime +https://www.apipost.cn" DataSize=51 HostName=DESKTOP-I3JK7DP Ip="::1" Method=GET Path="/api/v1/users?pagesize=4&pagenum=100" SpendTime="0 ms" Status=200
time="2020-09-16 22:23:49" level=info Agent="ApiPOST Runtime +https://www.apipost.cn" DataSize=51 HostName=DESKTOP-I3JK7DP Ip="::1" Method=GET Path="/api/v1/users?pagesize=4000&pagenum=100" SpendTime="2 ms" Status=200
time="2020-09-16 22:23:52" level=info Agent="ApiPOST Runtime +https://www.apipost.cn" DataSize=51 HostName=DESKTOP-I3JK7DP Ip="::1" Method=GET Path="/api/v1/users?pagesize=4000&pagenum=100" SpendTime="2 ms" Status=200
time="2020-09-16 22:25:04" level=info Agent="ApiPOST Runtime +https://www.apipost.cn" DataSize=1931 HostName=DESKTOP-I3JK7DP Ip="::1" Method=GET Path="/api/v1/users?pagesize=0&pagenum=0" SpendTime="3 ms" Status=200
time="2020-09-16 22:29:32" level=info Agent="Mozilla/5.0 (Windows NT 10.0; Win64; x64) AppleWebKit/537.36 (KHTML, like Gecko) Chrome/85.0.4183.102 Safari/537.36" DataSize=803 HostName=DESKTOP-I3JK7DP Ip="::1" Method=GET Path="/api/v1/users?pagesize=5&pagenum=1" SpendTime="4 ms" Status=200
time="2020-09-16 22:29:32" level=info Agent="Mozilla/5.0 (Windows NT 10.0; Win64; x64) AppleWebKit/537.36 (KHTML, like Gecko) Chrome/85.0.4183.102 Safari/537.36" DataSize=803 HostName=DESKTOP-I3JK7DP Ip="::1" Method=GET Path="/api/v1/users?pagesize=5&pagenum=1" SpendTime="2 ms" Status=200
time="2020-09-16 22:29:36" level=info Agent="Mozilla/5.0 (Windows NT 10.0; Win64; x64) AppleWebKit/537.36 (KHTML, like Gecko) Chrome/85.0.4183.102 Safari/537.36" DataSize=51 HostName=DESKTOP-I3JK7DP Ip="::1" Method=GET Path="/api/v1/users?pagesize=5&pagenum=2" SpendTime="16 ms" Status=200
time="2020-09-16 22:30:13" level=info Agent="Mozilla/5.0 (Windows NT 10.0; Win64; x64) AppleWebKit/537.36 (KHTML, like Gecko) Chrome/85.0.4183.102 Safari/537.36" DataSize=803 HostName=DESKTOP-I3JK7DP Ip="::1" Method=GET Path="/api/v1/users?pagesize=5&pagenum=1" SpendTime="4 ms" Status=200
time="2020-09-16 22:31:18" level=info Agent="Mozilla/5.0 (Windows NT 10.0; Win64; x64) AppleWebKit/537.36 (KHTML, like Gecko) Chrome/85.0.4183.102 Safari/537.36" DataSize=803 HostName=DESKTOP-I3JK7DP Ip="::1" Method=GET Path="/api/v1/users?pagesize=5&pagenum=1" SpendTime="5 ms" Status=200
time="2020-09-16 22:31:20" level=info Agent="Mozilla/5.0 (Windows NT 10.0; Win64; x64) AppleWebKit/537.36 (KHTML, like Gecko) Chrome/85.0.4183.102 Safari/537.36" DataSize=51 HostName=DESKTOP-I3JK7DP Ip="::1" Method=GET Path="/api/v1/users?pagesize=5&pagenum=2" SpendTime="1 ms" Status=200
time="2020-09-16 22:31:25" level=info Agent="Mozilla/5.0 (Windows NT 10.0; Win64; x64) AppleWebKit/537.36 (KHTML, like Gecko) Chrome/85.0.4183.102 Safari/537.36" DataSize=803 HostName=DESKTOP-I3JK7DP Ip="::1" Method=GET Path="/api/v1/users?pagesize=5&pagenum=1" SpendTime="2 ms" Status=200
time="2020-09-16 22:31:31" level=info Agent="Mozilla/5.0 (Windows NT 10.0; Win64; x64) AppleWebKit/537.36 (KHTML, like Gecko) Chrome/85.0.4183.102 Safari/537.36" DataSize=803 HostName=DESKTOP-I3JK7DP Ip="::1" Method=GET Path="/api/v1/users?pagesize=5&pagenum=1" SpendTime="4 ms" Status=200
time="2020-09-16 22:31:33" level=info Agent="Mozilla/5.0 (Windows NT 10.0; Win64; x64) AppleWebKit/537.36 (KHTML, like Gecko) Chrome/85.0.4183.102 Safari/537.36" DataSize=803 HostName=DESKTOP-I3JK7DP Ip="::1" Method=GET Path="/api/v1/users?pagesize=5&pagenum=1" SpendTime="1 ms" Status=200
time="2020-09-16 22:31:35" level=info Agent="Mozilla/5.0 (Windows NT 10.0; Win64; x64) AppleWebKit/537.36 (KHTML, like Gecko) Chrome/85.0.4183.102 Safari/537.36" DataSize=803 HostName=DESKTOP-I3JK7DP Ip="::1" Method=GET Path="/api/v1/users?pagesize=5&pagenum=1" SpendTime="2 ms" Status=200
time="2020-09-16 22:31:36" level=info Agent="Mozilla/5.0 (Windows NT 10.0; Win64; x64) AppleWebKit/537.36 (KHTML, like Gecko) Chrome/85.0.4183.102 Safari/537.36" DataSize=803 HostName=DESKTOP-I3JK7DP Ip="::1" Method=GET Path="/api/v1/users?pagesize=5&pagenum=1" SpendTime="1 ms" Status=200
time="2020-09-16 22:31:38" level=info Agent="Mozilla/5.0 (Windows NT 10.0; Win64; x64) AppleWebKit/537.36 (KHTML, like Gecko) Chrome/85.0.4183.102 Safari/537.36" DataSize=51 HostName=DESKTOP-I3JK7DP Ip="::1" Method=GET Path="/api/v1/users?pagesize=5&pagenum=2" SpendTime="1 ms" Status=200
time="2020-09-16 22:31:40" level=info Agent="Mozilla/5.0 (Windows NT 10.0; Win64; x64) AppleWebKit/537.36 (KHTML, like Gecko) Chrome/85.0.4183.102 Safari/537.36" DataSize=803 HostName=DESKTOP-I3JK7DP Ip="::1" Method=GET Path="/api/v1/users?pagesize=5&pagenum=1" SpendTime="1 ms" Status=200
time="2020-09-16 22:31:41" level=info Agent="Mozilla/5.0 (Windows NT 10.0; Win64; x64) AppleWebKit/537.36 (KHTML, like Gecko) Chrome/85.0.4183.102 Safari/537.36" DataSize=51 HostName=DESKTOP-I3JK7DP Ip="::1" Method=GET Path="/api/v1/users?pagesize=5&pagenum=2" SpendTime="3 ms" Status=200
time="2020-09-16 22:38:12" level=info Agent="Mozilla/5.0 (Windows NT 10.0; Win64; x64) AppleWebKit/537.36 (KHTML, like Gecko) Chrome/85.0.4183.102 Safari/537.36" DataSize=803 HostName=DESKTOP-I3JK7DP Ip="::1" Method=GET Path="/api/v1/users?pagesize=5&pagenum=1" SpendTime="4 ms" Status=200
time="2020-09-16 22:38:18" level=info Agent="Mozilla/5.0 (Windows NT 10.0; Win64; x64) AppleWebKit/537.36 (KHTML, like Gecko) Chrome/85.0.4183.102 Safari/537.36" DataSize=803 HostName=DESKTOP-I3JK7DP Ip="::1" Method=GET Path="/api/v1/users?pagesize=5&pagenum=1" SpendTime="1 ms" Status=200
time="2020-09-16 22:38:20" level=info Agent="Mozilla/5.0 (Windows NT 10.0; Win64; x64) AppleWebKit/537.36 (KHTML, like Gecko) Chrome/85.0.4183.102 Safari/537.36" DataSize=803 HostName=DESKTOP-I3JK7DP Ip="::1" Method=GET Path="/api/v1/users?pagesize=5&pagenum=1" SpendTime="2 ms" Status=200
time="2020-09-16 22:38:21" level=info Agent="Mozilla/5.0 (Windows NT 10.0; Win64; x64) AppleWebKit/537.36 (KHTML, like Gecko) Chrome/85.0.4183.102 Safari/537.36" DataSize=803 HostName=DESKTOP-I3JK7DP Ip="::1" Method=GET Path="/api/v1/users?pagesize=5&pagenum=1" SpendTime="2 ms" Status=200
time="2020-09-16 22:38:23" level=info Agent="Mozilla/5.0 (Windows NT 10.0; Win64; x64) AppleWebKit/537.36 (KHTML, like Gecko) Chrome/85.0.4183.102 Safari/537.36" DataSize=803 HostName=DESKTOP-I3JK7DP Ip="::1" Method=GET Path="/api/v1/users?pagesize=5&pagenum=1" SpendTime="4 ms" Status=200
time="2020-09-16 22:38:23" level=info Agent="Mozilla/5.0 (Windows NT 10.0; Win64; x64) AppleWebKit/537.36 (KHTML, like Gecko) Chrome/85.0.4183.102 Safari/537.36" DataSize=803 HostName=DESKTOP-I3JK7DP Ip="::1" Method=GET Path="/api/v1/users?pagesize=5&pagenum=1" SpendTime="2 ms" Status=200
time="2020-09-16 22:38:24" level=info Agent="Mozilla/5.0 (Windows NT 10.0; Win64; x64) AppleWebKit/537.36 (KHTML, like Gecko) Chrome/85.0.4183.102 Safari/537.36" DataSize=803 HostName=DESKTOP-I3JK7DP Ip="::1" Method=GET Path="/api/v1/users?pagesize=5&pagenum=1" SpendTime="1 ms" Status=200
time="2020-09-16 22:38:33" level=info Agent="Mozilla/5.0 (Windows NT 10.0; Win64; x64) AppleWebKit/537.36 (KHTML, like Gecko) Chrome/85.0.4183.102 Safari/537.36" DataSize=803 HostName=DESKTOP-I3JK7DP Ip="::1" Method=GET Path="/api/v1/users?pagesize=5&pagenum=1" SpendTime="2 ms" Status=200
time="2020-09-16 22:40:10" level=info Agent="Mozilla/5.0 (Windows NT 10.0; Win64; x64) AppleWebKit/537.36 (KHTML, like Gecko) Chrome/85.0.4183.102 Safari/537.36" DataSize=803 HostName=DESKTOP-I3JK7DP Ip="::1" Method=GET Path="/api/v1/users?pagesize=5&pagenum=1" SpendTime="5 ms" Status=200
time="2020-09-16 22:40:10" level=info Agent="Mozilla/5.0 (Windows NT 10.0; Win64; x64) AppleWebKit/537.36 (KHTML, like Gecko) Chrome/85.0.4183.102 Safari/537.36" DataSize=803 HostName=DESKTOP-I3JK7DP Ip="::1" Method=GET Path="/api/v1/users?pagesize=5&pagenum=1" SpendTime="1 ms" Status=200
time="2020-09-16 22:40:10" level=info Agent="Mozilla/5.0 (Windows NT 10.0; Win64; x64) AppleWebKit/537.36 (KHTML, like Gecko) Chrome/85.0.4183.102 Safari/537.36" DataSize=803 HostName=DESKTOP-I3JK7DP Ip="::1" Method=GET Path="/api/v1/users?pagesize=5&pagenum=1" SpendTime="2 ms" Status=200
time="2020-09-16 22:40:10" level=info Agent="Mozilla/5.0 (Windows NT 10.0; Win64; x64) AppleWebKit/537.36 (KHTML, like Gecko) Chrome/85.0.4183.102 Safari/537.36" DataSize=803 HostName=DESKTOP-I3JK7DP Ip="::1" Method=GET Path="/api/v1/users?pagesize=5&pagenum=1" SpendTime="0 ms" Status=200
time="2020-09-16 22:40:10" level=info Agent="Mozilla/5.0 (Windows NT 10.0; Win64; x64) AppleWebKit/537.36 (KHTML, like Gecko) Chrome/85.0.4183.102 Safari/537.36" DataSize=803 HostName=DESKTOP-I3JK7DP Ip="::1" Method=GET Path="/api/v1/users?pagesize=5&pagenum=1" SpendTime="1 ms" Status=200
time="2020-09-16 22:40:11" level=info Agent="Mozilla/5.0 (Windows NT 10.0; Win64; x64) AppleWebKit/537.36 (KHTML, like Gecko) Chrome/85.0.4183.102 Safari/537.36" DataSize=803 HostName=DESKTOP-I3JK7DP Ip="::1" Method=GET Path="/api/v1/users?pagesize=5&pagenum=1" SpendTime="0 ms" Status=200
time="2020-09-16 22:40:11" level=info Agent="Mozilla/5.0 (Windows NT 10.0; Win64; x64) AppleWebKit/537.36 (KHTML, like Gecko) Chrome/85.0.4183.102 Safari/537.36" DataSize=803 HostName=DESKTOP-I3JK7DP Ip="::1" Method=GET Path="/api/v1/users?pagesize=5&pagenum=1" SpendTime="1 ms" Status=200
time="2020-09-16 22:40:11" level=info Agent="Mozilla/5.0 (Windows NT 10.0; Win64; x64) AppleWebKit/537.36 (KHTML, like Gecko) Chrome/85.0.4183.102 Safari/537.36" DataSize=803 HostName=DESKTOP-I3JK7DP Ip="::1" Method=GET Path="/api/v1/users?pagesize=5&pagenum=1" SpendTime="2 ms" Status=200
time="2020-09-16 22:40:11" level=info Agent="Mozilla/5.0 (Windows NT 10.0; Win64; x64) AppleWebKit/537.36 (KHTML, like Gecko) Chrome/85.0.4183.102 Safari/537.36" DataSize=803 HostName=DESKTOP-I3JK7DP Ip="::1" Method=GET Path="/api/v1/users?pagesize=5&pagenum=1" SpendTime="2 ms" Status=200
time="2020-09-16 22:40:25" level=info Agent="Mozilla/5.0 (Linux; Android 6.0; Nexus 5 Build/MRA58N) AppleWebKit/537.36 (KHTML, like Gecko) Chrome/85.0.4183.102 Mobile Safari/537.36" DataSize=51 HostName=DESKTOP-I3JK7DP Ip="::1" Method=GET Path="/api/v1/users?pagesize=5&pagenum=2" SpendTime="3 ms" Status=200
time="2020-09-16 22:41:23" level=info Agent="Mozilla/5.0 (Linux; Android 6.0; Nexus 5 Build/MRA58N) AppleWebKit/537.36 (KHTML, like Gecko) Chrome/85.0.4183.102 Mobile Safari/537.36" DataSize=803 HostName=DESKTOP-I3JK7DP Ip="::1" Method=GET Path="/api/v1/users?pagesize=5&pagenum=1" SpendTime="4 ms" Status=200
time="2020-09-16 22:41:28" level=info Agent="Mozilla/5.0 (Linux; Android 6.0; Nexus 5 Build/MRA58N) AppleWebKit/537.36 (KHTML, like Gecko) Chrome/85.0.4183.102 Mobile Safari/537.36" DataSize=803 HostName=DESKTOP-I3JK7DP Ip="::1" Method=GET Path="/api/v1/users?pagesize=5&pagenum=1" SpendTime="2 ms" Status=200
time="2020-09-16 22:41:31" level=info Agent="Mozilla/5.0 (Linux; Android 6.0; Nexus 5 Build/MRA58N) AppleWebKit/537.36 (KHTML, like Gecko) Chrome/85.0.4183.102 Mobile Safari/537.36" DataSize=51 HostName=DESKTOP-I3JK7DP Ip="::1" Method=GET Path="/api/v1/users?pagesize=5&pagenum=2" SpendTime="2 ms" Status=200
time="2020-09-16 22:41:49" level=info Agent="Mozilla/5.0 (Linux; Android 6.0; Nexus 5 Build/MRA58N) AppleWebKit/537.36 (KHTML, like Gecko) Chrome/85.0.4183.102 Mobile Safari/537.36" DataSize=803 HostName=DESKTOP-I3JK7DP Ip="::1" Method=GET Path="/api/v1/users?pagesize=5&pagenum=1" SpendTime="4 ms" Status=200
time="2020-09-16 22:41:54" level=info Agent="Mozilla/5.0 (Linux; Android 6.0; Nexus 5 Build/MRA58N) AppleWebKit/537.36 (KHTML, like Gecko) Chrome/85.0.4183.102 Mobile Safari/537.36" DataSize=51 HostName=DESKTOP-I3JK7DP Ip="::1" Method=GET Path="/api/v1/users?pagesize=5&pagenum=2" SpendTime="2 ms" Status=200
time="2020-09-16 22:42:10" level=info Agent="Mozilla/5.0 (Linux; Android 6.0; Nexus 5 Build/MRA58N) AppleWebKit/537.36 (KHTML, like Gecko) Chrome/85.0.4183.102 Mobile Safari/537.36" DataSize=803 HostName=DESKTOP-I3JK7DP Ip="::1" Method=GET Path="/api/v1/users?pagesize=5&pagenum=1" SpendTime="5 ms" Status=200
time="2020-09-16 22:42:18" level=info Agent="Mozilla/5.0 (Linux; Android 6.0; Nexus 5 Build/MRA58N) AppleWebKit/537.36 (KHTML, like Gecko) Chrome/85.0.4183.102 Mobile Safari/537.36" DataSize=803 HostName=DESKTOP-I3JK7DP Ip="::1" Method=GET Path="/api/v1/users?pagesize=5&pagenum=1" SpendTime="2 ms" Status=200
time="2020-09-16 22:42:20" level=info Agent="Mozilla/5.0 (Linux; Android 6.0; Nexus 5 Build/MRA58N) AppleWebKit/537.36 (KHTML, like Gecko) Chrome/85.0.4183.102 Mobile Safari/537.36" DataSize=51 HostName=DESKTOP-I3JK7DP Ip="::1" Method=GET Path="/api/v1/users?pagesize=5&pagenum=2" SpendTime="6 ms" Status=200
time="2020-09-16 22:42:27" level=info Agent="Mozilla/5.0 (Linux; Android 6.0; Nexus 5 Build/MRA58N) AppleWebKit/537.36 (KHTML, like Gecko) Chrome/85.0.4183.102 Mobile Safari/537.36" DataSize=803 HostName=DESKTOP-I3JK7DP Ip="::1" Method=GET Path="/api/v1/users?pagesize=5&pagenum=1" SpendTime="1 ms" Status=200
time="2020-09-16 22:42:31" level=info Agent="Mozilla/5.0 (Linux; Android 6.0; Nexus 5 Build/MRA58N) AppleWebKit/537.36 (KHTML, like Gecko) Chrome/85.0.4183.102 Mobile Safari/537.36" DataSize=51 HostName=DESKTOP-I3JK7DP Ip="::1" Method=GET Path="/api/v1/users?pagesize=5&pagenum=2" SpendTime="5 ms" Status=200
time="2020-09-16 22:42:47" level=info Agent="ApiPOST Runtime +https://www.apipost.cn" DataSize=51 HostName=DESKTOP-I3JK7DP Ip="::1" Method=GET Path="/api/v1/users?pagesize=5&pagenum=2" SpendTime="3 ms" Status=200
time="2020-09-16 22:43:01" level=info Agent="ApiPOST Runtime +https://www.apipost.cn" DataSize=51 HostName=DESKTOP-I3JK7DP Ip="::1" Method=GET Path="/api/v1/users?pagesize=3&pagenum=2" SpendTime="4 ms" Status=200
time="2020-09-16 22:43:08" level=info Agent="ApiPOST Runtime +https://www.apipost.cn" DataSize=497 HostName=DESKTOP-I3JK7DP Ip="::1" Method=GET Path="/api/v1/users?pagesize=3&pagenum=1" SpendTime="2 ms" Status=200
time="2020-09-16 22:43:16" level=info Agent="ApiPOST Runtime +https://www.apipost.cn" DataSize=803 HostName=DESKTOP-I3JK7DP Ip="::1" Method=GET Path="/api/v1/users?pagesize=5&pagenum=1" SpendTime="4 ms" Status=200
time="2020-09-16 22:43:28" level=info Agent="ApiPOST Runtime +https://www.apipost.cn" DataSize=51 HostName=DESKTOP-I3JK7DP Ip="::1" Method=GET Path="/api/v1/users?pagesize=5&pagenum=2" SpendTime="4 ms" Status=200
time="2020-09-16 22:44:12" level=info Agent="ApiPOST Runtime +https://www.apipost.cn" DataSize=51 HostName=DESKTOP-I3JK7DP Ip="::1" Method=GET Path="/api/v1/users?pagesize=2&pagenum=2" SpendTime="4 ms" Status=200
time="2020-09-16 22:45:50" level=info Agent="ApiPOST Runtime +https://www.apipost.cn" DataSize=51 HostName=DESKTOP-I3JK7DP Ip="::1" Method=GET Path="/api/v1/users?pagesize=20&pagenum=2" SpendTime="3 ms" Status=200
time="2020-09-16 22:45:55" level=info Agent="ApiPOST Runtime +https://www.apipost.cn" DataSize=1931 HostName=DESKTOP-I3JK7DP Ip="::1" Method=GET Path="/api/v1/users?pagesize=20&pagenum=1" SpendTime="0 ms" Status=200
time="2020-09-16 22:48:35" level=info Agent="ApiPOST Runtime +https://www.apipost.cn" DataSize=51 HostName=DESKTOP-I3JK7DP Ip="::1" Method=GET Path="/api/v1/users?pagesize=20&pagenum=2" SpendTime="4 ms" Status=200
time="2020-09-16 22:51:01" level=info Agent="Mozilla/5.0 (Linux; Android 6.0; Nexus 5 Build/MRA58N) AppleWebKit/537.36 (KHTML, like Gecko) Chrome/85.0.4183.102 Mobile Safari/537.36" DataSize=803 HostName=DESKTOP-I3JK7DP Ip="::1" Method=GET Path="/api/v1/users?pagesize=5&pagenum=1" SpendTime="22 ms" Status=200
time="2020-09-16 22:51:03" level=info Agent="Mozilla/5.0 (Linux; Android 6.0; Nexus 5 Build/MRA58N) AppleWebKit/537.36 (KHTML, like Gecko) Chrome/85.0.4183.102 Mobile Safari/537.36" DataSize=846 HostName=DESKTOP-I3JK7DP Ip="::1" Method=GET Path="/api/v1/users?pagesize=5&pagenum=2" SpendTime="1 ms" Status=200
time="2020-09-16 22:51:05" level=info Agent="Mozilla/5.0 (Linux; Android 6.0; Nexus 5 Build/MRA58N) AppleWebKit/537.36 (KHTML, like Gecko) Chrome/85.0.4183.102 Mobile Safari/537.36" DataSize=380 HostName=DESKTOP-I3JK7DP Ip="::1" Method=GET Path="/api/v1/users?pagesize=5&pagenum=3" SpendTime="2 ms" Status=200
time="2020-09-16 22:51:06" level=info Agent="Mozilla/5.0 (Linux; Android 6.0; Nexus 5 Build/MRA58N) AppleWebKit/537.36 (KHTML, like Gecko) Chrome/85.0.4183.102 Mobile Safari/537.36" DataSize=846 HostName=DESKTOP-I3JK7DP Ip="::1" Method=GET Path="/api/v1/users?pagesize=5&pagenum=2" SpendTime="4 ms" Status=200
time="2020-09-16 22:51:07" level=info Agent="Mozilla/5.0 (Linux; Android 6.0; Nexus 5 Build/MRA58N) AppleWebKit/537.36 (KHTML, like Gecko) Chrome/85.0.4183.102 Mobile Safari/537.36" DataSize=803 HostName=DESKTOP-I3JK7DP Ip="::1" Method=GET Path="/api/v1/users?pagesize=5&pagenum=1" SpendTime="3 ms" Status=200
time="2020-09-16 22:51:09" level=info Agent="Mozilla/5.0 (Linux; Android 6.0; Nexus 5 Build/MRA58N) AppleWebKit/537.36 (KHTML, like Gecko) Chrome/85.0.4183.102 Mobile Safari/537.36" DataSize=846 HostName=DESKTOP-I3JK7DP Ip="::1" Method=GET Path="/api/v1/users?pagesize=5&pagenum=2" SpendTime="1 ms" Status=200
time="2020-09-16 22:51:10" level=info Agent="Mozilla/5.0 (Linux; Android 6.0; Nexus 5 Build/MRA58N) AppleWebKit/537.36 (KHTML, like Gecko) Chrome/85.0.4183.102 Mobile Safari/537.36" DataSize=380 HostName=DESKTOP-I3JK7DP Ip="::1" Method=GET Path="/api/v1/users?pagesize=5&pagenum=3" SpendTime="3 ms" Status=200
time="2020-09-16 23:14:08" level=info Agent="Mozilla/5.0 (Linux; Android 6.0; Nexus 5 Build/MRA58N) AppleWebKit/537.36 (KHTML, like Gecko) Chrome/85.0.4183.102 Mobile Safari/537.36" DataSize=803 HostName=DESKTOP-I3JK7DP Ip="::1" Method=GET Path="/api/v1/users?pagesize=5&pagenum=1" SpendTime="7 ms" Status=200
time="2020-09-16 23:14:10" level=info Agent="Mozilla/5.0 (Linux; Android 6.0; Nexus 5 Build/MRA58N) AppleWebKit/537.36 (KHTML, like Gecko) Chrome/85.0.4183.102 Mobile Safari/537.36" DataSize=1600 HostName=DESKTOP-I3JK7DP Ip="::1" Method=GET Path="/api/v1/users?pagesize=10&pagenum=1" SpendTime="2 ms" Status=200
time="2020-09-16 23:14:24" level=info Agent="Mozilla/5.0 (Linux; Android 6.0; Nexus 5 Build/MRA58N) AppleWebKit/537.36 (KHTML, like Gecko) Chrome/85.0.4183.102 Mobile Safari/537.36" DataSize=803 HostName=DESKTOP-I3JK7DP Ip="::1" Method=GET Path="/api/v1/users?pagesize=5&pagenum=1" SpendTime="2 ms" Status=200
time="2020-09-16 23:14:33" level=info Agent="Mozilla/5.0 (Linux; Android 6.0; Nexus 5 Build/MRA58N) AppleWebKit/537.36 (KHTML, like Gecko) Chrome/85.0.4183.102 Mobile Safari/537.36" DataSize=803 HostName=DESKTOP-I3JK7DP Ip="::1" Method=GET Path="/api/v1/users?pagesize=5&pagenum=1" SpendTime="1 ms" Status=200
time="2020-09-16 23:14:35" level=info Agent="Mozilla/5.0 (Linux; Android 6.0; Nexus 5 Build/MRA58N) AppleWebKit/537.36 (KHTML, like Gecko) Chrome/85.0.4183.102 Mobile Safari/537.36" DataSize=803 HostName=DESKTOP-I3JK7DP Ip="::1" Method=GET Path="/api/v1/users?pagesize=5&pagenum=1" SpendTime="4 ms" Status=200
time="2020-09-16 23:14:38" level=info Agent="Mozilla/5.0 (Linux; Android 6.0; Nexus 5 Build/MRA58N) AppleWebKit/537.36 (KHTML, like Gecko) Chrome/85.0.4183.102 Mobile Safari/537.36" DataSize=803 HostName=DESKTOP-I3JK7DP Ip="::1" Method=GET Path="/api/v1/users?pagesize=5&pagenum=1" SpendTime="1 ms" Status=200
time="2020-09-16 23:29:32" level=info Agent="Mozilla/5.0 (Linux; Android 6.0; Nexus 5 Build/MRA58N) AppleWebKit/537.36 (KHTML, like Gecko) Chrome/85.0.4183.102 Mobile Safari/537.36" DataSize=729 HostName=DESKTOP-I3JK7DP Ip="::1" Method=GET Path="/api/v1/users?pagesize=5&pagenum=1" SpendTime="3 ms" Status=200
time="2020-09-16 23:29:34" level=info Agent="Mozilla/5.0 (Linux; Android 6.0; Nexus 5 Build/MRA58N) AppleWebKit/537.36 (KHTML, like Gecko) Chrome/85.0.4183.102 Mobile Safari/537.36" DataSize=729 HostName=DESKTOP-I3JK7DP Ip="::1" Method=GET Path="/api/v1/users?pagesize=5&pagenum=1" SpendTime="1 ms" Status=200
time="2020-09-16 23:30:58" level=info Agent="Mozilla/5.0 (Windows NT 10.0; Win64; x64) AppleWebKit/537.36 (KHTML, like Gecko) Chrome/85.0.4183.102 Safari/537.36" DataSize=729 HostName=DESKTOP-I3JK7DP Ip="::1" Method=GET Path="/api/v1/users?pagesize=5&pagenum=1" SpendTime="3 ms" Status=200
time="2020-09-16 23:30:59" level=info Agent="Mozilla/5.0 (Windows NT 10.0; Win64; x64) AppleWebKit/537.36 (KHTML, like Gecko) Chrome/85.0.4183.102 Safari/537.36" DataSize=729 HostName=DESKTOP-I3JK7DP Ip="::1" Method=GET Path="/api/v1/users?pagesize=5&pagenum=1" SpendTime="2 ms" Status=200
time="2020-09-16 23:30:59" level=info Agent="Mozilla/5.0 (Windows NT 10.0; Win64; x64) AppleWebKit/537.36 (KHTML, like Gecko) Chrome/85.0.4183.102 Safari/537.36" DataSize=729 HostName=DESKTOP-I3JK7DP Ip="::1" Method=GET Path="/api/v1/users?pagesize=5&pagenum=1" SpendTime="3 ms" Status=200
time="2020-09-16 23:31:01" level=info Agent="Mozilla/5.0 (Windows NT 10.0; Win64; x64) AppleWebKit/537.36 (KHTML, like Gecko) Chrome/85.0.4183.102 Safari/537.36" DataSize=729 HostName=DESKTOP-I3JK7DP Ip="::1" Method=GET Path="/api/v1/users?pagesize=5&pagenum=1" SpendTime="2 ms" Status=200
time="2020-09-16 23:31:01" level=info Agent="Mozilla/5.0 (Windows NT 10.0; Win64; x64) AppleWebKit/537.36 (KHTML, like Gecko) Chrome/85.0.4183.102 Safari/537.36" DataSize=729 HostName=DESKTOP-I3JK7DP Ip="::1" Method=GET Path="/api/v1/users?pagesize=5&pagenum=1" SpendTime="0 ms" Status=200
time="2020-09-16 23:31:01" level=info Agent="Mozilla/5.0 (Windows NT 10.0; Win64; x64) AppleWebKit/537.36 (KHTML, like Gecko) Chrome/85.0.4183.102 Safari/537.36" DataSize=729 HostName=DESKTOP-I3JK7DP Ip="::1" Method=GET Path="/api/v1/users?pagesize=5&pagenum=1" SpendTime="2 ms" Status=200
time="2020-09-16 23:31:03" level=info Agent="Mozilla/5.0 (Windows NT 10.0; Win64; x64) AppleWebKit/537.36 (KHTML, like Gecko) Chrome/85.0.4183.102 Safari/537.36" DataSize=729 HostName=DESKTOP-I3JK7DP Ip="::1" Method=GET Path="/api/v1/users?pagesize=5&pagenum=1" SpendTime="2 ms" Status=200
time="2020-09-16 23:32:16" level=info Agent="Mozilla/5.0 (Windows NT 10.0; Win64; x64) AppleWebKit/537.36 (KHTML, like Gecko) Chrome/85.0.4183.102 Safari/537.36" DataSize=729 HostName=DESKTOP-I3JK7DP Ip="::1" Method=GET Path="/api/v1/users?pagesize=5&pagenum=1" SpendTime="3 ms" Status=200
time="2020-09-16 23:32:32" level=info Agent="Mozilla/5.0 (Windows NT 10.0; Win64; x64) AppleWebKit/537.36 (KHTML, like Gecko) Chrome/85.0.4183.102 Safari/537.36" DataSize=729 HostName=DESKTOP-I3JK7DP Ip="::1" Method=GET Path="/api/v1/users?username=&pagesize=5&pagenum=1" SpendTime="3 ms" Status=200
time="2020-09-16 23:32:45" level=info Agent="Mozilla/5.0 (Windows NT 10.0; Win64; x64) AppleWebKit/537.36 (KHTML, like Gecko) Chrome/85.0.4183.102 Safari/537.36" DataSize=729 HostName=DESKTOP-I3JK7DP Ip="::1" Method=GET Path="/api/v1/users?username=&pagesize=5&pagenum=1" SpendTime="3 ms" Status=200
time="2020-09-16 23:32:49" level=info Agent="Mozilla/5.0 (Windows NT 10.0; Win64; x64) AppleWebKit/537.36 (KHTML, like Gecko) Chrome/85.0.4183.102 Safari/537.36" DataSize=732 HostName=DESKTOP-I3JK7DP Ip="::1" Method=GET Path="/api/v1/users?username=ru&pagesize=5&pagenum=1" SpendTime="2 ms" Status=200
time="2020-09-16 23:32:53" level=info Agent="Mozilla/5.0 (Windows NT 10.0; Win64; x64) AppleWebKit/537.36 (KHTML, like Gecko) Chrome/85.0.4183.102 Safari/537.36" DataSize=327 HostName=DESKTOP-I3JK7DP Ip="::1" Method=GET Path="/api/v1/users?username=ad&pagesize=5&pagenum=1" SpendTime="3 ms" Status=200
time="2020-09-16 23:32:55" level=info Agent="Mozilla/5.0 (Windows NT 10.0; Win64; x64) AppleWebKit/537.36 (KHTML, like Gecko) Chrome/85.0.4183.102 Safari/537.36" DataSize=729 HostName=DESKTOP-I3JK7DP Ip="::1" Method=GET Path="/api/v1/users?username=&pagesize=5&pagenum=1" SpendTime="4 ms" Status=200
time="2020-09-16 23:39:47" level=info Agent="Mozilla/5.0 (Windows NT 10.0; Win64; x64) AppleWebKit/537.36 (KHTML, like Gecko) Chrome/85.0.4183.102 Safari/537.36" DataSize=729 HostName=DESKTOP-I3JK7DP Ip="::1" Method=GET Path="/api/v1/users?username=&pagesize=5&pagenum=1" SpendTime="4 ms" Status=200
time="2020-09-16 23:39:49" level=info Agent="Mozilla/5.0 (Windows NT 10.0; Win64; x64) AppleWebKit/537.36 (KHTML, like Gecko) Chrome/85.0.4183.102 Safari/537.36" DataSize=729 HostName=DESKTOP-I3JK7DP Ip="::1" Method=GET Path="/api/v1/users?username=&pagesize=5&pagenum=1" SpendTime="2 ms" Status=200
time="2020-09-16 23:56:34" level=info Agent="Mozilla/5.0 (Windows NT 10.0; Win64; x64) AppleWebKit/537.36 (KHTML, like Gecko) Chrome/85.0.4183.102 Safari/537.36" DataSize=729 HostName=DESKTOP-I3JK7DP Ip="::1" Method=GET Path="/api/v1/users?username=&pagesize=5&pagenum=1" SpendTime="3 ms" Status=200
time="2020-09-16 23:57:17" level=info Agent="Mozilla/5.0 (Windows NT 10.0; Win64; x64) AppleWebKit/537.36 (KHTML, like Gecko) Chrome/85.0.4183.102 Safari/537.36" DataSize=191 HostName=DESKTOP-I3JK7DP Ip="::1" Method=POST Path=/api/v1/login SpendTime="71 ms" Status=200
time="2020-09-16 23:57:20" level=info Agent="Mozilla/5.0 (Windows NT 10.0; Win64; x64) AppleWebKit/537.36 (KHTML, like Gecko) Chrome/85.0.4183.102 Safari/537.36" DataSize=729 HostName=DESKTOP-I3JK7DP Ip="::1" Method=GET Path="/api/v1/users?username=&pagesize=5&pagenum=1" SpendTime="2 ms" Status=200
