time="2020-09-16T23:29:32+08:00" level=info Agent="Mozilla/5.0 (Linux; Android 6.0; Nexus 5 Build/MRA58N) AppleWebKit/537.36 (KHTML, like Gecko) Chrome/85.0.4183.102 Mobile Safari/537.36" DataSize=729 HostName=DESKTOP-I3JK7DP Ip="::1" Method=GET Path="/api/v1/users?pagesize=5&pagenum=1" SpendTime="3 ms" Status=200
time="2020-09-16T23:29:34+08:00" level=info Agent="Mozilla/5.0 (Linux; Android 6.0; Nexus 5 Build/MRA58N) AppleWebKit/537.36 (KHTML, like Gecko) Chrome/85.0.4183.102 Mobile Safari/537.36" DataSize=729 HostName=DESKTOP-I3JK7DP Ip="::1" Method=GET Path="/api/v1/users?pagesize=5&pagenum=1" SpendTime="1 ms" Status=200
time="2020-09-16T23:30:58+08:00" level=info Agent="Mozilla/5.0 (Windows NT 10.0; Win64; x64) AppleWebKit/537.36 (KHTML, like Gecko) Chrome/85.0.4183.102 Safari/537.36" DataSize=729 HostName=DESKTOP-I3JK7DP Ip="::1" Method=GET Path="/api/v1/users?pagesize=5&pagenum=1" SpendTime="3 ms" Status=200
time="2020-09-16T23:30:59+08:00" level=info Agent="Mozilla/5.0 (Windows NT 10.0; Win64; x64) AppleWebKit/537.36 (KHTML, like Gecko) Chrome/85.0.4183.102 Safari/537.36" DataSize=729 HostName=DESKTOP-I3JK7DP Ip="::1" Method=GET Path="/api/v1/users?pagesize=5&pagenum=1" SpendTime="2 ms" Status=200
time="2020-09-16T23:30:59+08:00" level=info Agent="Mozilla/5.0 (Windows NT 10.0; Win64; x64) AppleWebKit/537.36 (KHTML, like Gecko) Chrome/85.0.4183.102 Safari/537.36" DataSize=729 HostName=DESKTOP-I3JK7DP Ip="::1" Method=GET Path="/api/v1/users?pagesize=5&pagenum=1" SpendTime="3 ms" Status=200
time="2020-09-16T23:31:01+08:00" level=info Agent="Mozilla/5.0 (Windows NT 10.0; Win64; x64) AppleWebKit/537.36 (KHTML, like Gecko) Chrome/85.0.4183.102 Safari/537.36" DataSize=729 HostName=DESKTOP-I3JK7DP Ip="::1" Method=GET Path="/api/v1/users?pagesize=5&pagenum=1" SpendTime="2 ms" Status=200
time="2020-09-16T23:31:01+08:00" level=info Agent="Mozilla/5.0 (Windows NT 10.0; Win64; x64) AppleWebKit/537.36 (KHTML, like Gecko) Chrome/85.0.4183.102 Safari/537.36" DataSize=729 HostName=DESKTOP-I3JK7DP Ip="::1" Method=GET Path="/api/v1/users?pagesize=5&pagenum=1" SpendTime="0 ms" Status=200
time="2020-09-16T23:31:01+08:00" level=info Agent="Mozilla/5.0 (Windows NT 10.0; Win64; x64) AppleWebKit/537.36 (KHTML, like Gecko) Chrome/85.0.4183.102 Safari/537.36" DataSize=729 HostName=DESKTOP-I3JK7DP Ip="::1" Method=GET Path="/api/v1/users?pagesize=5&pagenum=1" SpendTime="2 ms" Status=200
time="2020-09-16T23:31:03+08:00" level=info Agent="Mozilla/5.0 (Windows NT 10.0; Win64; x64) AppleWebKit/537.36 (KHTML, like Gecko) Chrome/85.0.4183.102 Safari/537.36" DataSize=729 HostName=DESKTOP-I3JK7DP Ip="::1" Method=GET Path="/api/v1/users?pagesize=5&pagenum=1" SpendTime="2 ms" Status=200
time="2020-09-16T23:32:16+08:00" level=info Agent="Mozilla/5.0 (Windows NT 10.0; Win64; x64) AppleWebKit/537.36 (KHTML, like Gecko) Chrome/85.0.4183.102 Safari/537.36" DataSize=729 HostName=DESKTOP-I3JK7DP Ip="::1" Method=GET Path="/api/v1/users?pagesize=5&pagenum=1" SpendTime="3 ms" Status=200
time="2020-09-16T23:32:32+08:00" level=info Agent="Mozilla/5.0 (Windows NT 10.0; Win64; x64) AppleWebKit/537.36 (KHTML, like Gecko) Chrome/85.0.4183.102 Safari/537.36" DataSize=729 HostName=DESKTOP-I3JK7DP Ip="::1" Method=GET Path="/api/v1/users?username=&pagesize=5&pagenum=1" SpendTime="3 ms" Status=200
time="2020-09-16T23:32:45+08:00" level=info Agent="Mozilla/5.0 (Windows NT 10.0; Win64; x64) AppleWebKit/537.36 (KHTML, like Gecko) Chrome/85.0.4183.102 Safari/537.36" DataSize=729 HostName=DESKTOP-I3JK7DP Ip="::1" Method=GET Path="/api/v1/users?username=&pagesize=5&pagenum=1" SpendTime="3 ms" Status=200
time="2020-09-16T23:32:49+08:00" level=info Agent="Mozilla/5.0 (Windows NT 10.0; Win64; x64) AppleWebKit/537.36 (KHTML, like Gecko) Chrome/85.0.4183.102 Safari/537.36" DataSize=732 HostName=DESKTOP-I3JK7DP Ip="::1" Method=GET Path="/api/v1/users?username=ru&pagesize=5&pagenum=1" SpendTime="2 ms" Status=200
time="2020-09-16T23:32:53+08:00" level=info Agent="Mozilla/5.0 (Windows NT 10.0; Win64; x64) AppleWebKit/537.36 (KHTML, like Gecko) Chrome/85.0.4183.102 Safari/537.36" DataSize=327 HostName=DESKTOP-I3JK7DP Ip="::1" Method=GET Path="/api/v1/users?username=ad&pagesize=5&pagenum=1" SpendTime="3 ms" Status=200
time="2020-09-16T23:32:55+08:00" level=info Agent="Mozilla/5.0 (Windows NT 10.0; Win64; x64) AppleWebKit/537.36 (KHTML, like Gecko) Chrome/85.0.4183.102 Safari/537.36" DataSize=729 HostName=DESKTOP-I3JK7DP Ip="::1" Method=GET Path="/api/v1/users?username=&pagesize=5&pagenum=1" SpendTime="4 ms" Status=200
time="2020-09-16T23:39:47+08:00" level=info Agent="Mozilla/5.0 (Windows NT 10.0; Win64; x64) AppleWebKit/537.36 (KHTML, like Gecko) Chrome/85.0.4183.102 Safari/537.36" DataSize=729 HostName=DESKTOP-I3JK7DP Ip="::1" Method=GET Path="/api/v1/users?username=&pagesize=5&pagenum=1" SpendTime="4 ms" Status=200
time="2020-09-16T23:39:49+08:00" level=info Agent="Mozilla/5.0 (Windows NT 10.0; Win64; x64) AppleWebKit/537.36 (KHTML, like Gecko) Chrome/85.0.4183.102 Safari/537.36" DataSize=729 HostName=DESKTOP-I3JK7DP Ip="::1" Method=GET Path="/api/v1/users?username=&pagesize=5&pagenum=1" SpendTime="2 ms" Status=200
time="2020-09-16T23:56:34+08:00" level=info Agent="Mozilla/5.0 (Windows NT 10.0; Win64; x64) AppleWebKit/537.36 (KHTML, like Gecko) Chrome/85.0.4183.102 Safari/537.36" DataSize=729 HostName=DESKTOP-I3JK7DP Ip="::1" Method=GET Path="/api/v1/users?username=&pagesize=5&pagenum=1" SpendTime="3 ms" Status=200
time="2020-09-16T23:57:17+08:00" level=info Agent="Mozilla/5.0 (Windows NT 10.0; Win64; x64) AppleWebKit/537.36 (KHTML, like Gecko) Chrome/85.0.4183.102 Safari/537.36" DataSize=191 HostName=DESKTOP-I3JK7DP Ip="::1" Method=POST Path=/api/v1/login SpendTime="71 ms" Status=200
time="2020-09-16T23:57:20+08:00" level=info Agent="Mozilla/5.0 (Windows NT 10.0; Win64; x64) AppleWebKit/537.36 (KHTML, like Gecko) Chrome/85.0.4183.102 Safari/537.36" DataSize=729 HostName=DESKTOP-I3JK7DP Ip="::1" Method=GET Path="/api/v1/users?username=&pagesize=5&pagenum=1" SpendTime="2 ms" Status=200
1" SpendTime="3 ms" Status=200
time="2020-09-16T22:08:16+08:00" level=info Agent="Mozilla/5.0 (Windows NT 10.0; Win64; x64) AppleWebKit/537.36 (KHTML, like Gecko) Chrome/85.0.4183.102 Safari/537.36" DataSize=51 HostName=DESKTOP-I3JK7DP Ip="::1" Method=GET Path="/api/v1/users?pagesize=5&pagenum=2" SpendTime="4 ms" Status=200
time="2020-09-16T22:08:21+08:00" level=info Agent="Mozilla/5.0 (Windows NT 10.0; Win64; x64) AppleWebKit/537.36 (KHTML, like Gecko) Chrome/85.0.4183.102 Safari/537.36" DataSize=803 HostName=DESKTOP-I3JK7DP Ip="::1" Method=GET Path="/api/v1/users?pagesize=5&pagenum=1" SpendTime="1 ms" Status=200
time="2020-09-16T22:08:24+08:00" level=info Agent="Mozilla/5.0 (Windows NT 10.0; Win64; x64) AppleWebKit/537.36 (KHTML, like Gecko) Chrome/85.0.4183.102 Safari/537.36" DataSize=1600 HostName=DESKTOP-I3JK7DP Ip="::1" Method=GET Path="/api/v1/users?pagesize=10&pagenum=1" SpendTime="2 ms" Status=200
time="2020-09-16T22:08:26+08:00" level=info Agent="Mozilla/5.0 (Windows NT 10.0; Win64; x64) AppleWebKit/537.36 (KHTML, like Gecko) Chrome/85.0.4183.102 Safari/537.36" DataSize=51 HostName=DESKTOP-I3JK7DP Ip="::1" Method=GET Path="/api/v1/users?pagesize=10&pagenum=2" SpendTime="0 ms" Status=200
time="2020-09-16T22:08:52+08:00" level=info Agent="Mozilla/5.0 (Windows NT 10.0; Win64; x64) AppleWebKit/537.36 (KHTML, like Gecko) Chrome/85.0.4183.102 Safari/537.36" DataSize=803 HostName=DESKTOP-I3JK7DP Ip="::1" Method=GET Path="/api/v1/users?pagesize=5&pagenum=1" SpendTime="4 ms" Status=200
time="2020-09-16T22:08:55+08:00" level=info Agent="Mozilla/5.0 (Windows NT 10.0; Win64; x64) AppleWebKit/537.36 (KHTML, like Gecko) Chrome/85.0.4183.102 Safari/537.36" DataSize=51 HostName=DESKTOP-I3JK7DP Ip="::1" Method=GET Path="/api/v1/users?pagesize=5&pagenum=2" SpendTime="1 ms" Status=200
time="2020-09-16T22:08:59+08:00" level=info Agent="Mozilla/5.0 (Windows NT 10.0; Win64; x64) AppleWebKit/537.36 (KHTML, like Gecko) Chrome/85.0.4183.102 Safari/537.36" DataSize=803 HostName=DESKTOP-I3JK7DP Ip="::1" Method=GET Path="/api/v1/users?pagesize=5&pagenum=1" SpendTime="2 ms" Status=200
time="2020-09-16T22:09:02+08:00" level=info Agent="Mozilla/5.0 (Windows NT 10.0; Win64; x64) AppleWebKit/537.36 (KHTML, like Gecko) Chrome/85.0.4183.102 Safari/537.36" DataSize=1931 HostName=DESKTOP-I3JK7DP Ip="::1" Method=GET Path="/api/v1/users?pagesize=20&pagenum=1" SpendTime="2 ms" Status=200
time="2020-09-16T22:09:08+08:00" level=info Agent="Mozilla/5.0 (Windows NT 10.0; Win64; x64) AppleWebKit/537.36 (KHTML, like Gecko) Chrome/85.0.4183.102 Safari/537.36" DataSize=1600 HostName=DESKTOP-I3JK7DP Ip="::1" Method=GET Path="/api/v1/users?pagesize=10&pagenum=1" SpendTime="3 ms" Status=200
time="2020-09-16T22:09:10+08:00" level=info Agent="Mozilla/5.0 (Windows NT 10.0; Win64; x64) AppleWebKit/537.36 (KHTML, like Gecko) Chrome/85.0.4183.102 Safari/537.36" DataSize=803 HostName=DESKTOP-I3JK7DP Ip="::1" Method=GET Path="/api/v1/users?pagesize=5&pagenum=1" SpendTime="2 ms" Status=200
time="2020-09-16T22:09:12+08:00" level=info Agent="Mozilla/5.0 (Windows NT 10.0; Win64; x64) AppleWebKit/537.36 (KHTML, like Gecko) Chrome/85.0.4183.102 Safari/537.36" DataSize=51 HostName=DESKTOP-I3JK7DP Ip="::1" Method=GET Path="/api/v1/users?pagesize=5&pagenum=3" SpendTime="1 ms" Status=200
time="2020-09-16T22:12:34+08:00" level=info Agent="Mozilla/5.0 (Windows NT 10.0; Win64; x64) AppleWebKit/537.36 (KHTML, like Gecko) Chrome/85.0.4183.102 Safari/537.36" DataSize=803 HostName=DESKTOP-I3JK7DP Ip="::1" Method=GET Path="/api/v1/users?pagesize=5&pagenum=1" SpendTime="4 ms" Status=200
time="2020-09-16T22:12:36+08:00" level=info Agent="Mozilla/5.0 (Windows NT 10.0; Win64; x64) AppleWebKit/537.36 (KHTML, like Gecko) Chrome/85.0.4183.102 Safari/537.36" DataSize=51 HostName=DESKTOP-I3JK7DP Ip="::1" Method=GET Path="/api/v1/users?pagesize=5&pagenum=2" SpendTime="3 ms" Status=200
time="2020-09-16T22:12:39+08:00" level=info Agent="Mozilla/5.0 (Windows NT 10.0; Win64; x64) AppleWebKit/537.36 (KHTML, like Gecko) Chrome/85.0.4183.102 Safari/537.36" DataSize=803 HostName=DESKTOP-I3JK7DP Ip="::1" Method=GET Path="/api/v1/users?pagesize=5&pagenum=1" SpendTime="1 ms" Status=200
time="2020-09-16T22:12:41+08:00" level=info Agent="Mozilla/5.0 (Windows NT 10.0; Win64; x64) AppleWebKit/537.36 (KHTML, like Gecko) Chrome/85.0.4183.102 Safari/537.36" DataSize=51 HostName=DESKTOP-I3JK7DP Ip="::1" Method=GET Path="/api/v1/users?pagesize=5&pagenum=2" SpendTime="1 ms" Status=200
time="2020-09-16T22:12:44+08:00" level=info Agent="Mozilla/5.0 (Windows NT 10.0; Win64; x64) AppleWebKit/537.36 (KHTML, like Gecko) Chrome/85.0.4183.102 Safari/537.36" DataSize=803 HostName=DESKTOP-I3JK7DP Ip="::1" Method=GET Path="/api/v1/users?pagesize=5&pagenum=1" SpendTime="2 ms" Status=200
time="2020-09-16T22:12:46+08:00" level=info Agent="Mozilla/5.0 (Windows NT 10.0; Win64; x64) AppleWebKit/537.36 (KHTML, like Gecko) Chrome/85.0.4183.102 Safari/537.36" DataSize=51 HostName=DESKTOP-I3JK7DP Ip="::1" Method=GET Path="/api/v1/users?pagesize=5&pagenum=2" SpendTime="5 ms" Status=200
time="2020-09-16T22:14:36+08:00" level=info Agent="Mozilla/5.0 (Windows NT 10.0; Win64; x64) AppleWebKit/537.36 (KHTML, like Gecko) Chrome/85.0.4183.102 Safari/537.36" DataSize=803 HostName=DESKTOP-I3JK7DP Ip="::1" Method=GET Path="/api/v1/users?pagesize=5&pagenum=1" SpendTime="4 ms" Status=200
time="2020-09-16T22:14:42+08:00" level=info Agent="Mozilla/5.0 (Windows NT 10.0; Win64; x64) AppleWebKit/537.36 (KHTML, like Gecko) Chrome/85.0.4183.102 Safari/537.36" DataSize=51 HostName=DESKTOP-I3JK7DP Ip="::1" Method=GET Path="/api/v1/users?pagesize=5&pagenum=2" SpendTime="3 ms" Status=200
time="2020-09-16T22:14:47+08:00" level=info Agent="Mozilla/5.0 (Windows NT 10.0; Win64; x64) AppleWebKit/537.36 (KHTML, like Gecko) Chrome/85.0.4183.102 Safari/537.36" DataSize=803 HostName=DESKTOP-I3JK7DP Ip="::1" Method=GET Path="/api/v1/users?pagesize=5&pagenum=1" SpendTime="4 ms" Status=200
time="2020-09-16T22:14:50+08:00" level=info Agent="Mozilla/5.0 (Windows NT 10.0; Win64; x64) AppleWebKit/537.36 (KHTML, like Gecko) Chrome/85.0.4183.102 Safari/537.36" DataSize=51 HostName=DESKTOP-I3JK7DP Ip="::1" Method=GET Path="/api/v1/users?pagesize=5&pagenum=2" SpendTime="3 ms" Status=200
time="2020-09-16T22:17:49+08:00" level=info Agent="Mozilla/5.0 (Windows NT 10.0; Win64; x64) AppleWebKit/537.36 (KHTML, like Gecko) Chrome/85.0.4183.102 Safari/537.36" DataSize=803 HostName=DESKTOP-I3JK7DP Ip="::1" Method=GET Path="/api/v1/users?pagesize=5&pagenum=1" SpendTime="3 ms" Status=200
time="2020-09-16T22:17:57+08:00" level=info Agent="Mozilla/5.0 (Windows NT 10.0; Win64; x64) AppleWebKit/537.36 (KHTML, like Gecko) Chrome/85.0.4183.102 Safari/537.36" DataSize=51 HostName=DESKTOP-I3JK7DP Ip="::1" Method=GET Path="/api/v1/users?pagesize=5&pagenum=2" SpendTime="3 ms" Status=200
time="2020-09-16T22:18:04+08:00" level=info Agent="Mozilla/5.0 (Windows NT 10.0; Win64; x64) AppleWebKit/537.36 (KHTML, like Gecko) Chrome/85.0.4183.102 Safari/537.36" DataSize=803 HostName=DESKTOP-I3JK7DP Ip="::1" Method=GET Path="/api/v1/users?pagesize=5&pagenum=1" SpendTime="3 ms" Status=200
time="2020-09-16T22:18:09+08:00" level=info Agent="Mozilla/5.0 (Windows NT 10.0; Win64; x64) AppleWebKit/537.36 (KHTML, like Gecko) Chrome/85.0.4183.102 Safari/537.36" DataSize=51 HostName=DESKTOP-I3JK7DP Ip="::1" Method=GET Path="/api/v1/users?pagesize=5&pagenum=2" SpendTime="3 ms" Status=200
time="2020-09-16T22:20:32+08:00" level=info Agent="ApiPOST Runtime +https://www.apipost.cn" DataSize=650 HostName=DESKTOP-I3JK7DP Ip="::1" Method=GET Path="/api/v1/users?pagesize=4&pagenum=1" SpendTime="5 ms" Status=200
time="2020-09-16T22:20:46+08:00" level=info Agent="ApiPOST Runtime +https://www.apipost.cn" DataSize=650 HostName=DESKTOP-I3JK7DP Ip="::1" Method=GET Path="/api/v1/users?pagesize=4&pagenum=1" SpendTime="3 ms" Status=200
time="2020-09-16T22:22:37+08:00" level=info Agent="Mozilla/5.0 (Windows NT 10.0; Win64; x64) AppleWebKit/537.36 (KHTML, like Gecko) Chrome/85.0.4183.102 Safari/537.36" DataSize=803 HostName=DESKTOP-I3JK7DP Ip="::1" Method=GET Path="/api/v1/users?pagesize=5&pagenum=1" SpendTime="5 ms" Status=200
time="2020-09-16T22:22:43+08:00" level=info Agent="Mozilla/5.0 (Windows NT 10.0; Win64; x64) AppleWebKit/537.36 (KHTML, like Gecko) Chrome/85.0.4183.102 Safari/537.36" DataSize=51 HostName=DESKTOP-I3JK7DP Ip="::1" Method=GET Path="/api/v1/users?pagesize=5&pagenum=2" SpendTime="1 ms" Status=200
time="2020-09-16T22:22:55+08:00" level=info Agent="ApiPOST Runtime +https://www.apipost.cn" DataSize=650 HostName=DESKTOP-I3JK7DP Ip="::1" Method=GET Path="/api/v1/users?pagesize=4&pagenum=0" SpendTime="2 ms" Status=200
time="2020-09-16T22:23:03+08:00" level=info Agent="ApiPOST Runtime +https://www.apipost.cn" DataSize=650 HostName=DESKTOP-I3JK7DP Ip="::1" Method=GET Path="/api/v1/users?pagesize=4&pagenum=0" SpendTime="3 ms" Status=200
time="2020-09-16T22:23:08+08:00" level=info Agent="ApiPOST Runtime +https://www.apipost.cn" DataSize=650 HostName=DESKTOP-I3JK7DP Ip="::1" Method=GET Path="/api/v1/users?pagesize=4&pagenum=0" SpendTime="4 ms" Status=200
time="2020-09-16T22:23:16+08:00" level=info Agent="ApiPOST Runtime +https://www.apipost.cn" DataSize=51 HostName=DESKTOP-I3JK7DP Ip="::1" Method=GET Path="/api/v1/users?pagesize=4&pagenum=1000" SpendTime="1 ms" Status=200
time="2020-09-16T22:23:29+08:00" level=info Agent="ApiPOST Runtime +https://www.apipost.cn" DataSize=650 HostName=DESKTOP-I3JK7DP Ip="::1" Method=GET Path="/api/v1/users?pagesize=4&pagenum=0" SpendTime="1 ms" Status=200
time="2020-09-16T22:23:34+08:00" level=info Agent="ApiPOST Runtime +https://www.apipost.cn" DataSize=51 HostName=DESKTOP-I3JK7DP Ip="::1" Method=GET Path="/api/v1/users?pagesize=4&pagenum=100" SpendTime="0 ms" Status=200
time="2020-09-16T22:23:49+08:00" level=info Agent="ApiPOST Runtime +https://www.apipost.cn" DataSize=51 HostName=DESKTOP-I3JK7DP Ip="::1" Method=GET Path="/api/v1/users?pagesize=4000&pagenum=100" SpendTime="2 ms" Status=200
time="2020-09-16T22:23:52+08:00" level=info Agent="ApiPOST Runtime +https://www.apipost.cn" DataSize=51 HostName=DESKTOP-I3JK7DP Ip="::1" Method=GET Path="/api/v1/users?pagesize=4000&pagenum=100" SpendTime="2 ms" Status=200
time="2020-09-16T22:25:04+08:00" level=info Agent="ApiPOST Runtime +https://www.apipost.cn" DataSize=1931 HostName=DESKTOP-I3JK7DP Ip="::1" Method=GET Path="/api/v1/users?pagesize=0&pagenum=0" SpendTime="3 ms" Status=200
time="2020-09-16T22:29:32+08:00" level=info Agent="Mozilla/5.0 (Windows NT 10.0; Win64; x64) AppleWebKit/537.36 (KHTML, like Gecko) Chrome/85.0.4183.102 Safari/537.36" DataSize=803 HostName=DESKTOP-I3JK7DP Ip="::1" Method=GET Path="/api/v1/users?pagesize=5&pagenum=1" SpendTime="4 ms" Status=200
time="2020-09-16T22:29:32+08:00" level=info Agent="Mozilla/5.0 (Windows NT 10.0; Win64; x64) AppleWebKit/537.36 (KHTML, like Gecko) Chrome/85.0.4183.102 Safari/537.36" DataSize=803 HostName=DESKTOP-I3JK7DP Ip="::1" Method=GET Path="/api/v1/users?pagesize=5&pagenum=1" SpendTime="2 ms" Status=200
time="2020-09-16T22:29:36+08:00" level=info Agent="Mozilla/5.0 (Windows NT 10.0; Win64; x64) AppleWebKit/537.36 (KHTML, like Gecko) Chrome/85.0.4183.102 Safari/537.36" DataSize=51 HostName=DESKTOP-I3JK7DP Ip="::1" Method=GET Path="/api/v1/users?pagesize=5&pagenum=2" SpendTime="16 ms" Status=200
time="2020-09-16T22:30:13+08:00" level=info Agent="Mozilla/5.0 (Windows NT 10.0; Win64; x64) AppleWebKit/537.36 (KHTML, like Gecko) Chrome/85.0.4183.102 Safari/537.36" DataSize=803 HostName=DESKTOP-I3JK7DP Ip="::1" Method=GET Path="/api/v1/users?pagesize=5&pagenum=1" SpendTime="4 ms" Status=200
time="2020-09-16T22:31:18+08:00" level=info Agent="Mozilla/5.0 (Windows NT 10.0; Win64; x64) AppleWebKit/537.36 (KHTML, like Gecko) Chrome/85.0.4183.102 Safari/537.36" DataSize=803 HostName=DESKTOP-I3JK7DP Ip="::1" Method=GET Path="/api/v1/users?pagesize=5&pagenum=1" SpendTime="5 ms" Status=200
time="2020-09-16T22:31:20+08:00" level=info Agent="Mozilla/5.0 (Windows NT 10.0; Win64; x64) AppleWebKit/537.36 (KHTML, like Gecko) Chrome/85.0.4183.102 Safari/537.36" DataSize=51 HostName=DESKTOP-I3JK7DP Ip="::1" Method=GET Path="/api/v1/users?pagesize=5&pagenum=2" SpendTime="1 ms" Status=200
time="2020-09-16T22:31:25+08:00" level=info Agent="Mozilla/5.0 (Windows NT 10.0; Win64; x64) AppleWebKit/537.36 (KHTML, like Gecko) Chrome/85.0.4183.102 Safari/537.36" DataSize=803 HostName=DESKTOP-I3JK7DP Ip="::1" Method=GET Path="/api/v1/users?pagesize=5&pagenum=1" SpendTime="2 ms" Status=200
time="2020-09-16T22:31:31+08:00" level=info Agent="Mozilla/5.0 (Windows NT 10.0; Win64; x64) AppleWebKit/537.36 (KHTML, like Gecko) Chrome/85.0.4183.102 Safari/537.36" DataSize=803 HostName=DESKTOP-I3JK7DP Ip="::1" Method=GET Path="/api/v1/users?pagesize=5&pagenum=1" SpendTime="4 ms" Status=200
time="2020-09-16T22:31:33+08:00" level=info Agent="Mozilla/5.0 (Windows NT 10.0; Win64; x64) AppleWebKit/537.36 (KHTML, like Gecko) Chrome/85.0.4183.102 Safari/537.36" DataSize=803 HostName=DESKTOP-I3JK7DP Ip="::1" Method=GET Path="/api/v1/users?pagesize=5&pagenum=1" SpendTime="1 ms" Status=200
time="2020-09-16T22:31:35+08:00" level=info Agent="Mozilla/5.0 (Windows NT 10.0; Win64; x64) AppleWebKit/537.36 (KHTML, like Gecko) Chrome/85.0.4183.102 Safari/537.36" DataSize=803 HostName=DESKTOP-I3JK7DP Ip="::1" Method=GET Path="/api/v1/users?pagesize=5&pagenum=1" SpendTime="2 ms" Status=200
time="2020-09-16T22:31:36+08:00" level=info Agent="Mozilla/5.0 (Windows NT 10.0; Win64; x64) AppleWebKit/537.36 (KHTML, like Gecko) Chrome/85.0.4183.102 Safari/537.36" DataSize=803 HostName=DESKTOP-I3JK7DP Ip="::1" Method=GET Path="/api/v1/users?pagesize=5&pagenum=1" SpendTime="1 ms" Status=200
time="2020-09-16T22:31:38+08:00" level=info Agent="Mozilla/5.0 (Windows NT 10.0; Win64; x64) AppleWebKit/537.36 (KHTML, like Gecko) Chrome/85.0.4183.102 Safari/537.36" DataSize=51 HostName=DESKTOP-I3JK7DP Ip="::1" Method=GET Path="/api/v1/users?pagesize=5&pagenum=2" SpendTime="1 ms" Status=200
time="2020-09-16T22:31:40+08:00" level=info Agent="Mozilla/5.0 (Windows NT 10.0; Win64; x64) AppleWebKit/537.36 (KHTML, like Gecko) Chrome/85.0.4183.102 Safari/537.36" DataSize=803 HostName=DESKTOP-I3JK7DP Ip="::1" Method=GET Path="/api/v1/users?pagesize=5&pagenum=1" SpendTime="1 ms" Status=200
time="2020-09-16T22:31:41+08:00" level=info Agent="Mozilla/5.0 (Windows NT 10.0; Win64; x64) AppleWebKit/537.36 (KHTML, like Gecko) Chrome/85.0.4183.102 Safari/537.36" DataSize=51 HostName=DESKTOP-I3JK7DP Ip="::1" Method=GET Path="/api/v1/users?pagesize=5&pagenum=2" SpendTime="3 ms" Status=200
time="2020-09-16T22:38:12+08:00" level=info Agent="Mozilla/5.0 (Windows NT 10.0; Win64; x64) AppleWebKit/537.36 (KHTML, like Gecko) Chrome/85.0.4183.102 Safari/537.36" DataSize=803 HostName=DESKTOP-I3JK7DP Ip="::1" Method=GET Path="/api/v1/users?pagesize=5&pagenum=1" SpendTime="4 ms" Status=200
time="2020-09-16T22:38:18+08:00" level=info Agent="Mozilla/5.0 (Windows NT 10.0; Win64; x64) AppleWebKit/537.36 (KHTML, like Gecko) Chrome/85.0.4183.102 Safari/537.36" DataSize=803 HostName=DESKTOP-I3JK7DP Ip="::1" Method=GET Path="/api/v1/users?pagesize=5&pagenum=1" SpendTime="1 ms" Status=200
time="2020-09-16T22:38:20+08:00" level=info Agent="Mozilla/5.0 (Windows NT 10.0; Win64; x64) AppleWebKit/537.36 (KHTML, like Gecko) Chrome/85.0.4183.102 Safari/537.36" DataSize=803 HostName=DESKTOP-I3JK7DP Ip="::1" Method=GET Path="/api/v1/users?pagesize=5&pagenum=1" SpendTime="2 ms" Status=200
time="2020-09-16T22:38:21+08:00" level=info Agent="Mozilla/5.0 (Windows NT 10.0; Win64; x64) AppleWebKit/537.36 (KHTML, like Gecko) Chrome/85.0.4183.102 Safari/537.36" DataSize=803 HostName=DESKTOP-I3JK7DP Ip="::1" Method=GET Path="/api/v1/users?pagesize=5&pagenum=1" SpendTime="2 ms" Status=200
time="2020-09-16T22:38:23+08:00" level=info Agent="Mozilla/5.0 (Windows NT 10.0; Win64; x64) AppleWebKit/537.36 (KHTML, like Gecko) Chrome/85.0.4183.102 Safari/537.36" DataSize=803 HostName=DESKTOP-I3JK7DP Ip="::1" Method=GET Path="/api/v1/users?pagesize=5&pagenum=1" SpendTime="4 ms" Status=200
time="2020-09-16T22:38:23+08:00" level=info Agent="Mozilla/5.0 (Windows NT 10.0; Win64; x64) AppleWebKit/537.36 (KHTML, like Gecko) Chrome/85.0.4183.102 Safari/537.36" DataSize=803 HostName=DESKTOP-I3JK7DP Ip="::1" Method=GET Path="/api/v1/users?pagesize=5&pagenum=1" SpendTime="2 ms" Status=200
time="2020-09-16T22:38:24+08:00" level=info Agent="Mozilla/5.0 (Windows NT 10.0; Win64; x64) AppleWebKit/537.36 (KHTML, like Gecko) Chrome/85.0.4183.102 Safari/537.36" DataSize=803 HostName=DESKTOP-I3JK7DP Ip="::1" Method=GET Path="/api/v1/users?pagesize=5&pagenum=1" SpendTime="1 ms" Status=200
time="2020-09-16T22:38:33+08:00" level=info Agent="Mozilla/5.0 (Windows NT 10.0; Win64; x64) AppleWebKit/537.36 (KHTML, like Gecko) Chrome/85.0.4183.102 Safari/537.36" DataSize=803 HostName=DESKTOP-I3JK7DP Ip="::1" Method=GET Path="/api/v1/users?pagesize=5&pagenum=1" SpendTime="2 ms" Status=200
time="2020-09-16T22:40:10+08:00" level=info Agent="Mozilla/5.0 (Windows NT 10.0; Win64; x64) AppleWebKit/537.36 (KHTML, like Gecko) Chrome/85.0.4183.102 Safari/537.36" DataSize=803 HostName=DESKTOP-I3JK7DP Ip="::1" Method=GET Path="/api/v1/users?pagesize=5&pagenum=1" SpendTime="5 ms" Status=200
time="2020-09-16T22:40:10+08:00" level=info Agent="Mozilla/5.0 (Windows NT 10.0; Win64; x64) AppleWebKit/537.36 (KHTML, like Gecko) Chrome/85.0.4183.102 Safari/537.36" DataSize=803 HostName=DESKTOP-I3JK7DP Ip="::1" Method=GET Path="/api/v1/users?pagesize=5&pagenum=1" SpendTime="1 ms" Status=200
time="2020-09-16T22:40:10+08:00" level=info Agent="Mozilla/5.0 (Windows NT 10.0; Win64; x64) AppleWebKit/537.36 (KHTML, like Gecko) Chrome/85.0.4183.102 Safari/537.36" DataSize=803 HostName=DESKTOP-I3JK7DP Ip="::1" Method=GET Path="/api/v1/users?pagesize=5&pagenum=1" SpendTime="2 ms" Status=200
time="2020-09-16T22:40:10+08:00" level=info Agent="Mozilla/5.0 (Windows NT 10.0; Win64; x64) AppleWebKit/537.36 (KHTML, like Gecko) Chrome/85.0.4183.102 Safari/537.36" DataSize=803 HostName=DESKTOP-I3JK7DP Ip="::1" Method=GET Path="/api/v1/users?pagesize=5&pagenum=1" SpendTime="0 ms" Status=200
time="2020-09-16T22:40:10+08:00" level=info Agent="Mozilla/5.0 (Windows NT 10.0; Win64; x64) AppleWebKit/537.36 (KHTML, like Gecko) Chrome/85.0.4183.102 Safari/537.36" DataSize=803 HostName=DESKTOP-I3JK7DP Ip="::1" Method=GET Path="/api/v1/users?pagesize=5&pagenum=1" SpendTime="1 ms" Status=200
time="2020-09-16T22:40:11+08:00" level=info Agent="Mozilla/5.0 (Windows NT 10.0; Win64; x64) AppleWebKit/537.36 (KHTML, like Gecko) Chrome/85.0.4183.102 Safari/537.36" DataSize=803 HostName=DESKTOP-I3JK7DP Ip="::1" Method=GET Path="/api/v1/users?pagesize=5&pagenum=1" SpendTime="0 ms" Status=200
time="2020-09-16T22:40:11+08:00" level=info Agent="Mozilla/5.0 (Windows NT 10.0; Win64; x64) AppleWebKit/537.36 (KHTML, like Gecko) Chrome/85.0.4183.102 Safari/537.36" DataSize=803 HostName=DESKTOP-I3JK7DP Ip="::1" Method=GET Path="/api/v1/users?pagesize=5&pagenum=1" SpendTime="1 ms" Status=200
time="2020-09-16T22:40:11+08:00" level=info Agent="Mozilla/5.0 (Windows NT 10.0; Win64; x64) AppleWebKit/537.36 (KHTML, like Gecko) Chrome/85.0.4183.102 Safari/537.36" DataSize=803 HostName=DESKTOP-I3JK7DP Ip="::1" Method=GET Path="/api/v1/users?pagesize=5&pagenum=1" SpendTime="2 ms" Status=200
time="2020-09-16T22:40:11+08:00" level=info Agent="Mozilla/5.0 (Windows NT 10.0; Win64; x64) AppleWebKit/537.36 (KHTML, like Gecko) Chrome/85.0.4183.102 Safari/537.36" DataSize=803 HostName=DESKTOP-I3JK7DP Ip="::1" Method=GET Path="/api/v1/users?pagesize=5&pagenum=1" SpendTime="2 ms" Status=200
time="2020-09-16T22:40:25+08:00" level=info Agent="Mozilla/5.0 (Linux; Android 6.0; Nexus 5 Build/MRA58N) AppleWebKit/537.36 (KHTML, like Gecko) Chrome/85.0.4183.102 Mobile Safari/537.36" DataSize=51 HostName=DESKTOP-I3JK7DP Ip="::1" Method=GET Path="/api/v1/users?pagesize=5&pagenum=2" SpendTime="3 ms" Status=200
time="2020-09-16T22:41:23+08:00" level=info Agent="Mozilla/5.0 (Linux; Android 6.0; Nexus 5 Build/MRA58N) AppleWebKit/537.36 (KHTML, like Gecko) Chrome/85.0.4183.102 Mobile Safari/537.36" DataSize=803 HostName=DESKTOP-I3JK7DP Ip="::1" Method=GET Path="/api/v1/users?pagesize=5&pagenum=1" SpendTime="4 ms" Status=200
time="2020-09-16T22:41:28+08:00" level=info Agent="Mozilla/5.0 (Linux; Android 6.0; Nexus 5 Build/MRA58N) AppleWebKit/537.36 (KHTML, like Gecko) Chrome/85.0.4183.102 Mobile Safari/537.36" DataSize=803 HostName=DESKTOP-I3JK7DP Ip="::1" Method=GET Path="/api/v1/users?pagesize=5&pagenum=1" SpendTime="2 ms" Status=200
time="2020-09-16T22:41:31+08:00" level=info Agent="Mozilla/5.0 (Linux; Android 6.0; Nexus 5 Build/MRA58N) AppleWebKit/537.36 (KHTML, like Gecko) Chrome/85.0.4183.102 Mobile Safari/537.36" DataSize=51 HostName=DESKTOP-I3JK7DP Ip="::1" Method=GET Path="/api/v1/users?pagesize=5&pagenum=2" SpendTime="2 ms" Status=200
time="2020-09-16T22:41:49+08:00" level=info Agent="Mozilla/5.0 (Linux; Android 6.0; Nexus 5 Build/MRA58N) AppleWebKit/537.36 (KHTML, like Gecko) Chrome/85.0.4183.102 Mobile Safari/537.36" DataSize=803 HostName=DESKTOP-I3JK7DP Ip="::1" Method=GET Path="/api/v1/users?pagesize=5&pagenum=1" SpendTime="4 ms" Status=200
time="2020-09-16T22:41:54+08:00" level=info Agent="Mozilla/5.0 (Linux; Android 6.0; Nexus 5 Build/MRA58N) AppleWebKit/537.36 (KHTML, like Gecko) Chrome/85.0.4183.102 Mobile Safari/537.36" DataSize=51 HostName=DESKTOP-I3JK7DP Ip="::1" Method=GET Path="/api/v1/users?pagesize=5&pagenum=2" SpendTime="2 ms" Status=200
time="2020-09-16T22:42:10+08:00" level=info Agent="Mozilla/5.0 (Linux; Android 6.0; Nexus 5 Build/MRA58N) AppleWebKit/537.36 (KHTML, like Gecko) Chrome/85.0.4183.102 Mobile Safari/537.36" DataSize=803 HostName=DESKTOP-I3JK7DP Ip="::1" Method=GET Path="/api/v1/users?pagesize=5&pagenum=1" SpendTime="5 ms" Status=200
time="2020-09-16T22:42:18+08:00" level=info Agent="Mozilla/5.0 (Linux; Android 6.0; Nexus 5 Build/MRA58N) AppleWebKit/537.36 (KHTML, like Gecko) Chrome/85.0.4183.102 Mobile Safari/537.36" DataSize=803 HostName=DESKTOP-I3JK7DP Ip="::1" Method=GET Path="/api/v1/users?pagesize=5&pagenum=1" SpendTime="2 ms" Status=200
time="2020-09-16T22:42:20+08:00" level=info Agent="Mozilla/5.0 (Linux; Android 6.0; Nexus 5 Build/MRA58N) AppleWebKit/537.36 (KHTML, like Gecko) Chrome/85.0.4183.102 Mobile Safari/537.36" DataSize=51 HostName=DESKTOP-I3JK7DP Ip="::1" Method=GET Path="/api/v1/users?pagesize=5&pagenum=2" SpendTime="6 ms" Status=200
time="2020-09-16T22:42:27+08:00" level=info Agent="Mozilla/5.0 (Linux; Android 6.0; Nexus 5 Build/MRA58N) AppleWebKit/537.36 (KHTML, like Gecko) Chrome/85.0.4183.102 Mobile Safari/537.36" DataSize=803 HostName=DESKTOP-I3JK7DP Ip="::1" Method=GET Path="/api/v1/users?pagesize=5&pagenum=1" SpendTime="1 ms" Status=200
time="2020-09-16T22:42:31+08:00" level=info Agent="Mozilla/5.0 (Linux; Android 6.0; Nexus 5 Build/MRA58N) AppleWebKit/537.36 (KHTML, like Gecko) Chrome/85.0.4183.102 Mobile Safari/537.36" DataSize=51 HostName=DESKTOP-I3JK7DP Ip="::1" Method=GET Path="/api/v1/users?pagesize=5&pagenum=2" SpendTime="5 ms" Status=200
time="2020-09-16T22:42:47+08:00" level=info Agent="ApiPOST Runtime +https://www.apipost.cn" DataSize=51 HostName=DESKTOP-I3JK7DP Ip="::1" Method=GET Path="/api/v1/users?pagesize=5&pagenum=2" SpendTime="3 ms" Status=200
time="2020-09-16T22:43:01+08:00" level=info Agent="ApiPOST Runtime +https://www.apipost.cn" DataSize=51 HostName=DESKTOP-I3JK7DP Ip="::1" Method=GET Path="/api/v1/users?pagesize=3&pagenum=2" SpendTime="4 ms" Status=200
time="2020-09-16T22:43:08+08:00" level=info Agent="ApiPOST Runtime +https://www.apipost.cn" DataSize=497 HostName=DESKTOP-I3JK7DP Ip="::1" Method=GET Path="/api/v1/users?pagesize=3&pagenum=1" SpendTime="2 ms" Status=200
time="2020-09-16T22:43:16+08:00" level=info Agent="ApiPOST Runtime +https://www.apipost.cn" DataSize=803 HostName=DESKTOP-I3JK7DP Ip="::1" Method=GET Path="/api/v1/users?pagesize=5&pagenum=1" SpendTime="4 ms" Status=200
time="2020-09-16T22:43:28+08:00" level=info Agent="ApiPOST Runtime +https://www.apipost.cn" DataSize=51 HostName=DESKTOP-I3JK7DP Ip="::1" Method=GET Path="/api/v1/users?pagesize=5&pagenum=2" SpendTime="4 ms" Status=200
time="2020-09-16T22:44:12+08:00" level=info Agent="ApiPOST Runtime +https://www.apipost.cn" DataSize=51 HostName=DESKTOP-I3JK7DP Ip="::1" Method=GET Path="/api/v1/users?pagesize=2&pagenum=2" SpendTime="4 ms" Status=200
time="2020-09-16T22:45:50+08:00" level=info Agent="ApiPOST Runtime +https://www.apipost.cn" DataSize=51 HostName=DESKTOP-I3JK7DP Ip="::1" Method=GET Path="/api/v1/users?pagesize=20&pagenum=2" SpendTime="3 ms" Status=200
time="2020-09-16T22:45:55+08:00" level=info Agent="ApiPOST Runtime +https://www.apipost.cn" DataSize=1931 HostName=DESKTOP-I3JK7DP Ip="::1" Method=GET Path="/api/v1/users?pagesize=20&pagenum=1" SpendTime="0 ms" Status=200
time="2020-09-16T22:48:35+08:00" level=info Agent="ApiPOST Runtime +https://www.apipost.cn" DataSize=51 HostName=DESKTOP-I3JK7DP Ip="::1" Method=GET Path="/api/v1/users?pagesize=20&pagenum=2" SpendTime="4 ms" Status=200
